[2016-02-17 07:39:10] local.ERROR: exception 'Symfony\Component\Debug\Exception\FatalErrorException' with message 'syntax error, unexpected ':', expecting '('' in G:\3512d71ee4cc27266bb280a9f327aa7a519f2d90.php:30
Stack trace:
#0 G:\Program Files (x86)\wamp\www\books\vendor\laravel\framework\src\Illuminate\Foundation\Bootstrap\HandleExceptions.php(133): Symfony\Component\Debug\Exception\FatalErrorException->__construct()
#1 G:\Program Files (x86)\wamp\www\books\vendor\laravel\framework\src\Illuminate\Foundation\Bootstrap\HandleExceptions.php(118): Illuminate\Foundation\Bootstrap\HandleExceptions->fatalExceptionFromError()
#2 G:\Program Files (x86)\wamp\www\books\vendor\laravel\framework\src\Illuminate\Foundation\Bootstrap\HandleExceptions.php(0): Illuminate\Foundation\Bootstrap\HandleExceptions->handleShutdown()
#3 G:\Program Files (x86)\wamp\www\books\vendor\laravel\framework\src\Illuminate\View\Engines\CompilerEngine.php(59): Illuminate\View\Engines\PhpEngine->evaluatePath()
#4 G:\Program Files (x86)\wamp\www\books\vendor\laravel\framework\src\Illuminate\View\View.php(135): Illuminate\View\Engines\CompilerEngine->get()
#5 G:\Program Files (x86)\wamp\www\books\vendor\laravel\framework\src\Illuminate\View\View.php(106): Illuminate\View\View->getContents()
#6 G:\Program Files (x86)\wamp\www\books\vendor\laravel\framework\src\Illuminate\View\View.php(80): Illuminate\View\View->renderContents()
#7 G:\Program Files (x86)\wamp\www\books\vendor\laravel\framework\src\Illuminate\Http\Response.php(53): Illuminate\View\View->render()
#8 G:\Program Files (x86)\wamp\www\books\vendor\symfony\http-foundation\Response.php(197): Illuminate\Http\Response->setContent()
#9 G:\Program Files (x86)\wamp\www\books\vendor\laravel\framework\src\Illuminate\Routing\Router.php(1030): Symfony\Component\HttpFoundation\Response->__construct()
#10 G:\Program Files (x86)\wamp\www\books\vendor\laravel\framework\src\Illuminate\Routing\ControllerDispatcher.php(95): Illuminate\Routing\Router->prepareResponse()
#11 G:\Program Files (x86)\wamp\www\books\vendor\laravel\framework\src\Illuminate\Routing\Pipeline.php(52): Illuminate\Routing\ControllerDispatcher->Illuminate\Routing\{closure}()
#12 G:\Program Files (x86)\wamp\www\books\vendor\laravel\framework\src\Illuminate\Routing\Pipeline.php(52): call_user_func:{G:\Program Files (x86)\wamp\www\books\vendor\laravel\framework\src\Illuminate\Routing\Pipeline.php:52}()
#13 G:\Program Files (x86)\wamp\www\books\app\Http\Middleware\RedirectIfAuthenticated.php(24): Illuminate\Routing\Pipeline->Illuminate\Routing\{closure}()
#14 G:\Program Files (x86)\wamp\www\books\vendor\laravel\framework\src\Illuminate\Pipeline\Pipeline.php(124): App\Http\Middleware\RedirectIfAuthenticated->handle()
#15 G:\Program Files (x86)\wamp\www\books\vendor\laravel\framework\src\Illuminate\Pipeline\Pipeline.php(124): call_user_func_array:{G:\Program Files (x86)\wamp\www\books\vendor\laravel\framework\src\Illuminate\Pipeline\Pipeline.php:124}()
#16 G:\Program Files (x86)\wamp\www\books\vendor\laravel\framework\src\Illuminate\Routing\Pipeline.php(32): Illuminate\Pipeline\Pipeline->Illuminate\Pipeline\{closure}()
#17 G:\Program Files (x86)\wamp\www\books\vendor\laravel\framework\src\Illuminate\Routing\Pipeline.php(32): call_user_func:{G:\Program Files (x86)\wamp\www\books\vendor\laravel\framework\src\Illuminate\Routing\Pipeline.php:32}()
#18 G:\Program Files (x86)\wamp\www\books\vendor\laravel\framework\src\Illuminate\Pipeline\Pipeline.php(103): Illuminate\Routing\Pipeline->Illuminate\Routing\{closure}()
#19 G:\Program Files (x86)\wamp\www\books\vendor\laravel\framework\src\Illuminate\Pipeline\Pipeline.php(103): call_user_func:{G:\Program Files (x86)\wamp\www\books\vendor\laravel\framework\src\Illuminate\Pipeline\Pipeline.php:103}()
#20 G:\Program Files (x86)\wamp\www\books\vendor\laravel\framework\src\Illuminate\Routing\ControllerDispatcher.php(96): Illuminate\Pipeline\Pipeline->then()
#21 G:\Program Files (x86)\wamp\www\books\vendor\laravel\framework\src\Illuminate\Routing\ControllerDispatcher.php(54): Illuminate\Routing\ControllerDispatcher->callWithinStack()
#22 G:\Program Files (x86)\wamp\www\books\vendor\laravel\framework\src\Illuminate\Routing\Route.php(174): Illuminate\Routing\ControllerDispatcher->dispatch()
#23 G:\Program Files (x86)\wamp\www\books\vendor\laravel\framework\src\Illuminate\Routing\Route.php(140): Illuminate\Routing\Route->runController()
#24 G:\Program Files (x86)\wamp\www\books\vendor\laravel\framework\src\Illuminate\Routing\Router.php(703): Illuminate\Routing\Route->run()
#25 G:\Program Files (x86)\wamp\www\books\vendor\laravel\framework\src\Illuminate\Routing\Pipeline.php(52): Illuminate\Routing\Router->Illuminate\Routing\{closure}()
#26 G:\Program Files (x86)\wamp\www\books\vendor\laravel\framework\src\Illuminate\Routing\Pipeline.php(52): call_user_func:{G:\Program Files (x86)\wamp\www\books\vendor\laravel\framework\src\Illuminate\Routing\Pipeline.php:52}()
#27 G:\Program Files (x86)\wamp\www\books\vendor\laravel\framework\src\Illuminate\Pipeline\Pipeline.php(103): Illuminate\Routing\Pipeline->Illuminate\Routing\{closure}()
#28 G:\Program Files (x86)\wamp\www\books\vendor\laravel\framework\src\Illuminate\Pipeline\Pipeline.php(103): call_user_func:{G:\Program Files (x86)\wamp\www\books\vendor\laravel\framework\src\Illuminate\Pipeline\Pipeline.php:103}()
#29 G:\Program Files (x86)\wamp\www\books\vendor\laravel\framework\src\Illuminate\Routing\Router.php(705): Illuminate\Pipeline\Pipeline->then()
#30 G:\Program Files (x86)\wamp\www\books\vendor\laravel\framework\src\Illuminate\Routing\Router.php(678): Illuminate\Routing\Router->runRouteWithinStack()
#31 G:\Program Files (x86)\wamp\www\books\vendor\laravel\framework\src\Illuminate\Routing\Router.php(654): Illuminate\Routing\Router->dispatchToRoute()
#32 G:\Program Files (x86)\wamp\www\books\vendor\laravel\framework\src\Illuminate\Foundation\Http\Kernel.php(246): Illuminate\Routing\Router->dispatch()
#33 G:\Program Files (x86)\wamp\www\books\vendor\laravel\framework\src\Illuminate\Routing\Pipeline.php(52): Illuminate\Foundation\Http\Kernel->Illuminate\Foundation\Http\{closure}()
#34 G:\Program Files (x86)\wamp\www\books\vendor\laravel\framework\src\Illuminate\Routing\Pipeline.php(52): call_user_func:{G:\Program Files (x86)\wamp\www\books\vendor\laravel\framework\src\Illuminate\Routing\Pipeline.php:52}()
#35 G:\Program Files (x86)\wamp\www\books\vendor\laravel\framework\src\Illuminate\Foundation\Http\Middleware\CheckForMaintenanceMode.php(44): Illuminate\Routing\Pipeline->Illuminate\Routing\{closure}()
#36 G:\Program Files (x86)\wamp\www\books\vendor\laravel\framework\src\Illuminate\Pipeline\Pipeline.php(124): Illuminate\Foundation\Http\Middleware\CheckForMaintenanceMode->handle()
#37 G:\Program Files (x86)\wamp\www\books\vendor\laravel\framework\src\Illuminate\Pipeline\Pipeline.php(124): call_user_func_array:{G:\Program Files (x86)\wamp\www\books\vendor\laravel\framework\src\Illuminate\Pipeline\Pipeline.php:124}()
#38 G:\Program Files (x86)\wamp\www\books\vendor\laravel\framework\src\Illuminate\Routing\Pipeline.php(32): Illuminate\Pipeline\Pipeline->Illuminate\Pipeline\{closure}()
#39 G:\Program Files (x86)\wamp\www\books\vendor\laravel\framework\src\Illuminate\Routing\Pipeline.php(32): call_user_func:{G:\Program Files (x86)\wamp\www\books\vendor\laravel\framework\src\Illuminate\Routing\Pipeline.php:32}()
#40 G:\Program Files (x86)\wamp\www\books\vendor\laravel\framework\src\Illuminate\Pipeline\Pipeline.php(103): Illuminate\Routing\Pipeline->Illuminate\Routing\{closure}()
#41 G:\Program Files (x86)\wamp\www\books\vendor\laravel\framework\src\Illuminate\Pipeline\Pipeline.php(103): call_user_func:{G:\Program Files (x86)\wamp\www\books\vendor\laravel\framework\src\Illuminate\Pipeline\Pipeline.php:103}()
#42 G:\Program Files (x86)\wamp\www\books\vendor\laravel\framework\src\Illuminate\Foundation\Http\Kernel.php(132): Illuminate\Pipeline\Pipeline->then()
#43 G:\Program Files (x86)\wamp\www\books\vendor\laravel\framework\src\Illuminate\Foundation\Http\Kernel.php(99): Illuminate\Foundation\Http\Kernel->sendRequestThroughRouter()
#44 G:\Program Files (x86)\wamp\www\books\index.php(54): Illuminate\Foundation\Http\Kernel->handle()
#45 G:\Program Files (x86)\wamp\www\books\index.php(0): {main}()
#46 {main}  
[2016-02-17 07:39:31] local.ERROR: exception 'ErrorException' with message 'Undefined offset: 0' in G:\Program Files (x86)\wamp\www\books\app\Http\Controllers\OutputController.php:28
Stack trace:
#0 G:\Program Files (x86)\wamp\www\books\app\Http\Controllers\OutputController.php(28): Illuminate\Foundation\Bootstrap\HandleExceptions->handleError(8, 'Undefined offse...', 'G:\\Program File...', 28, Array)
#1 [internal function]: App\Http\Controllers\OutputController->Output(Object(Illuminate\Support\Facades\Request))
#2 G:\Program Files (x86)\wamp\www\books\vendor\laravel\framework\src\Illuminate\Routing\Controller.php(76): call_user_func_array(Array, Array)
#3 G:\Program Files (x86)\wamp\www\books\vendor\laravel\framework\src\Illuminate\Routing\ControllerDispatcher.php(146): Illuminate\Routing\Controller->callAction('Output', Array)
#4 G:\Program Files (x86)\wamp\www\books\vendor\laravel\framework\src\Illuminate\Routing\ControllerDispatcher.php(94): Illuminate\Routing\ControllerDispatcher->call(Object(App\Http\Controllers\OutputController), Object(Illuminate\Routing\Route), 'Output')
#5 [internal function]: Illuminate\Routing\ControllerDispatcher->Illuminate\Routing\{closure}(Object(Illuminate\Http\Request))
#6 G:\Program Files (x86)\wamp\www\books\vendor\laravel\framework\src\Illuminate\Routing\Pipeline.php(52): call_user_func(Object(Closure), Object(Illuminate\Http\Request))
#7 G:\Program Files (x86)\wamp\www\books\app\Http\Middleware\RedirectIfAuthenticated.php(24): Illuminate\Routing\Pipeline->Illuminate\Routing\{closure}(Object(Illuminate\Http\Request))
#8 [internal function]: App\Http\Middleware\RedirectIfAuthenticated->handle(Object(Illuminate\Http\Request), Object(Closure))
#9 G:\Program Files (x86)\wamp\www\books\vendor\laravel\framework\src\Illuminate\Pipeline\Pipeline.php(124): call_user_func_array(Array, Array)
#10 [internal function]: Illuminate\Pipeline\Pipeline->Illuminate\Pipeline\{closure}(Object(Illuminate\Http\Request))
#11 G:\Program Files (x86)\wamp\www\books\vendor\laravel\framework\src\Illuminate\Routing\Pipeline.php(32): call_user_func(Object(Closure), Object(Illuminate\Http\Request))
#12 [internal function]: Illuminate\Routing\Pipeline->Illuminate\Routing\{closure}(Object(Illuminate\Http\Request))
#13 G:\Program Files (x86)\wamp\www\books\vendor\laravel\framework\src\Illuminate\Pipeline\Pipeline.php(103): call_user_func(Object(Closure), Object(Illuminate\Http\Request))
#14 G:\Program Files (x86)\wamp\www\books\vendor\laravel\framework\src\Illuminate\Routing\ControllerDispatcher.php(96): Illuminate\Pipeline\Pipeline->then(Object(Closure))
#15 G:\Program Files (x86)\wamp\www\books\vendor\laravel\framework\src\Illuminate\Routing\ControllerDispatcher.php(54): Illuminate\Routing\ControllerDispatcher->callWithinStack(Object(App\Http\Controllers\OutputController), Object(Illuminate\Routing\Route), Object(Illuminate\Http\Request), 'Output')
#16 G:\Program Files (x86)\wamp\www\books\vendor\laravel\framework\src\Illuminate\Routing\Route.php(174): Illuminate\Routing\ControllerDispatcher->dispatch(Object(Illuminate\Routing\Route), Object(Illuminate\Http\Request), 'App\\Http\\Contro...', 'Output')
#17 G:\Program Files (x86)\wamp\www\books\vendor\laravel\framework\src\Illuminate\Routing\Route.php(140): Illuminate\Routing\Route->runController(Object(Illuminate\Http\Request))
#18 G:\Program Files (x86)\wamp\www\books\vendor\laravel\framework\src\Illuminate\Routing\Router.php(703): Illuminate\Routing\Route->run(Object(Illuminate\Http\Request))
#19 [internal function]: Illuminate\Routing\Router->Illuminate\Routing\{closure}(Object(Illuminate\Http\Request))
#20 G:\Program Files (x86)\wamp\www\books\vendor\laravel\framework\src\Illuminate\Routing\Pipeline.php(52): call_user_func(Object(Closure), Object(Illuminate\Http\Request))
#21 [internal function]: Illuminate\Routing\Pipeline->Illuminate\Routing\{closure}(Object(Illuminate\Http\Request))
#22 G:\Program Files (x86)\wamp\www\books\vendor\laravel\framework\src\Illuminate\Pipeline\Pipeline.php(103): call_user_func(Object(Closure), Object(Illuminate\Http\Request))
#23 G:\Program Files (x86)\wamp\www\books\vendor\laravel\framework\src\Illuminate\Routing\Router.php(705): Illuminate\Pipeline\Pipeline->then(Object(Closure))
#24 G:\Program Files (x86)\wamp\www\books\vendor\laravel\framework\src\Illuminate\Routing\Router.php(678): Illuminate\Routing\Router->runRouteWithinStack(Object(Illuminate\Routing\Route), Object(Illuminate\Http\Request))
#25 G:\Program Files (x86)\wamp\www\books\vendor\laravel\framework\src\Illuminate\Routing\Router.php(654): Illuminate\Routing\Router->dispatchToRoute(Object(Illuminate\Http\Request))
#26 G:\Program Files (x86)\wamp\www\books\vendor\laravel\framework\src\Illuminate\Foundation\Http\Kernel.php(246): Illuminate\Routing\Router->dispatch(Object(Illuminate\Http\Request))
#27 [internal function]: Illuminate\Foundation\Http\Kernel->Illuminate\Foundation\Http\{closure}(Object(Illuminate\Http\Request))
#28 G:\Program Files (x86)\wamp\www\books\vendor\laravel\framework\src\Illuminate\Routing\Pipeline.php(52): call_user_func(Object(Closure), Object(Illuminate\Http\Request))
#29 G:\Program Files (x86)\wamp\www\books\vendor\laravel\framework\src\Illuminate\Foundation\Http\Middleware\CheckForMaintenanceMode.php(44): Illuminate\Routing\Pipeline->Illuminate\Routing\{closure}(Object(Illuminate\Http\Request))
#30 [internal function]: Illuminate\Foundation\Http\Middleware\CheckForMaintenanceMode->handle(Object(Illuminate\Http\Request), Object(Closure))
#31 G:\Program Files (x86)\wamp\www\books\vendor\laravel\framework\src\Illuminate\Pipeline\Pipeline.php(124): call_user_func_array(Array, Array)
#32 [internal function]: Illuminate\Pipeline\Pipeline->Illuminate\Pipeline\{closure}(Object(Illuminate\Http\Request))
#33 G:\Program Files (x86)\wamp\www\books\vendor\laravel\framework\src\Illuminate\Routing\Pipeline.php(32): call_user_func(Object(Closure), Object(Illuminate\Http\Request))
#34 [internal function]: Illuminate\Routing\Pipeline->Illuminate\Routing\{closure}(Object(Illuminate\Http\Request))
#35 G:\Program Files (x86)\wamp\www\books\vendor\laravel\framework\src\Illuminate\Pipeline\Pipeline.php(103): call_user_func(Object(Closure), Object(Illuminate\Http\Request))
#36 G:\Program Files (x86)\wamp\www\books\vendor\laravel\framework\src\Illuminate\Foundation\Http\Kernel.php(132): Illuminate\Pipeline\Pipeline->then(Object(Closure))
#37 G:\Program Files (x86)\wamp\www\books\vendor\laravel\framework\src\Illuminate\Foundation\Http\Kernel.php(99): Illuminate\Foundation\Http\Kernel->sendRequestThroughRouter(Object(Illuminate\Http\Request))
#38 G:\Program Files (x86)\wamp\www\books\index.php(54): Illuminate\Foundation\Http\Kernel->handle(Object(Illuminate\Http\Request))
#39 {main}  
[2016-02-17 20:42:24] local.ERROR: exception 'ErrorException' with message 'Trying to get property of non-object' in G:\5cfa8add48b1ec4133d1cd725a8f20ad918948df.php:16
Stack trace:
#0 G:\5cfa8add48b1ec4133d1cd725a8f20ad918948df.php(16): Illuminate\Foundation\Bootstrap\HandleExceptions->handleError(8, 'Trying to get p...', 'G:\\5cfa8add48b1...', 16, Array)
#1 G:\Program Files (x86)\wamp\www\books\vendor\laravel\framework\src\Illuminate\View\Engines\PhpEngine.php(42): include('G:\\5cfa8add48b1...')
#2 G:\Program Files (x86)\wamp\www\books\vendor\laravel\framework\src\Illuminate\View\Engines\CompilerEngine.php(59): Illuminate\View\Engines\PhpEngine->evaluatePath('/5cfa8add48b1ec...', Array)
#3 G:\Program Files (x86)\wamp\www\books\vendor\laravel\framework\src\Illuminate\View\View.php(135): Illuminate\View\Engines\CompilerEngine->get('G:\\Program File...', Array)
#4 G:\Program Files (x86)\wamp\www\books\vendor\laravel\framework\src\Illuminate\View\View.php(106): Illuminate\View\View->getContents()
#5 G:\Program Files (x86)\wamp\www\books\vendor\laravel\framework\src\Illuminate\View\View.php(80): Illuminate\View\View->renderContents()
#6 G:\Program Files (x86)\wamp\www\books\vendor\laravel\framework\src\Illuminate\Http\Response.php(53): Illuminate\View\View->render()
#7 G:\Program Files (x86)\wamp\www\books\vendor\symfony\http-foundation\Response.php(197): Illuminate\Http\Response->setContent(Object(Illuminate\View\View))
#8 G:\Program Files (x86)\wamp\www\books\vendor\laravel\framework\src\Illuminate\Routing\Router.php(1030): Symfony\Component\HttpFoundation\Response->__construct(Object(Illuminate\View\View))
#9 G:\Program Files (x86)\wamp\www\books\vendor\laravel\framework\src\Illuminate\Routing\ControllerDispatcher.php(95): Illuminate\Routing\Router->prepareResponse(Object(Illuminate\Http\Request), Object(Illuminate\View\View))
#10 [internal function]: Illuminate\Routing\ControllerDispatcher->Illuminate\Routing\{closure}(Object(Illuminate\Http\Request))
#11 G:\Program Files (x86)\wamp\www\books\vendor\laravel\framework\src\Illuminate\Routing\Pipeline.php(52): call_user_func(Object(Closure), Object(Illuminate\Http\Request))
#12 [internal function]: Illuminate\Routing\Pipeline->Illuminate\Routing\{closure}(Object(Illuminate\Http\Request))
#13 G:\Program Files (x86)\wamp\www\books\vendor\laravel\framework\src\Illuminate\Pipeline\Pipeline.php(103): call_user_func(Object(Closure), Object(Illuminate\Http\Request))
#14 G:\Program Files (x86)\wamp\www\books\vendor\laravel\framework\src\Illuminate\Routing\ControllerDispatcher.php(96): Illuminate\Pipeline\Pipeline->then(Object(Closure))
#15 G:\Program Files (x86)\wamp\www\books\vendor\laravel\framework\src\Illuminate\Routing\ControllerDispatcher.php(54): Illuminate\Routing\ControllerDispatcher->callWithinStack(Object(App\Http\Controllers\AttributeController), Object(Illuminate\Routing\Route), Object(Illuminate\Http\Request), 'show_all')
#16 G:\Program Files (x86)\wamp\www\books\vendor\laravel\framework\src\Illuminate\Routing\Route.php(174): Illuminate\Routing\ControllerDispatcher->dispatch(Object(Illuminate\Routing\Route), Object(Illuminate\Http\Request), 'App\\Http\\Contro...', 'show_all')
#17 G:\Program Files (x86)\wamp\www\books\vendor\laravel\framework\src\Illuminate\Routing\Route.php(140): Illuminate\Routing\Route->runController(Object(Illuminate\Http\Request))
#18 G:\Program Files (x86)\wamp\www\books\vendor\laravel\framework\src\Illuminate\Routing\Router.php(703): Illuminate\Routing\Route->run(Object(Illuminate\Http\Request))
#19 [internal function]: Illuminate\Routing\Router->Illuminate\Routing\{closure}(Object(Illuminate\Http\Request))
#20 G:\Program Files (x86)\wamp\www\books\vendor\laravel\framework\src\Illuminate\Routing\Pipeline.php(52): call_user_func(Object(Closure), Object(Illuminate\Http\Request))
#21 [internal function]: Illuminate\Routing\Pipeline->Illuminate\Routing\{closure}(Object(Illuminate\Http\Request))
#22 G:\Program Files (x86)\wamp\www\books\vendor\laravel\framework\src\Illuminate\Pipeline\Pipeline.php(103): call_user_func(Object(Closure), Object(Illuminate\Http\Request))
#23 G:\Program Files (x86)\wamp\www\books\vendor\laravel\framework\src\Illuminate\Routing\Router.php(705): Illuminate\Pipeline\Pipeline->then(Object(Closure))
#24 G:\Program Files (x86)\wamp\www\books\vendor\laravel\framework\src\Illuminate\Routing\Router.php(678): Illuminate\Routing\Router->runRouteWithinStack(Object(Illuminate\Routing\Route), Object(Illuminate\Http\Request))
#25 G:\Program Files (x86)\wamp\www\books\vendor\laravel\framework\src\Illuminate\Routing\Router.php(654): Illuminate\Routing\Router->dispatchToRoute(Object(Illuminate\Http\Request))
#26 G:\Program Files (x86)\wamp\www\books\vendor\laravel\framework\src\Illuminate\Foundation\Http\Kernel.php(246): Illuminate\Routing\Router->dispatch(Object(Illuminate\Http\Request))
#27 [internal function]: Illuminate\Foundation\Http\Kernel->Illuminate\Foundation\Http\{closure}(Object(Illuminate\Http\Request))
#28 G:\Program Files (x86)\wamp\www\books\vendor\laravel\framework\src\Illuminate\Routing\Pipeline.php(52): call_user_func(Object(Closure), Object(Illuminate\Http\Request))
#29 G:\Program Files (x86)\wamp\www\books\vendor\laravel\framework\src\Illuminate\Foundation\Http\Middleware\CheckForMaintenanceMode.php(44): Illuminate\Routing\Pipeline->Illuminate\Routing\{closure}(Object(Illuminate\Http\Request))
#30 [internal function]: Illuminate\Foundation\Http\Middleware\CheckForMaintenanceMode->handle(Object(Illuminate\Http\Request), Object(Closure))
#31 G:\Program Files (x86)\wamp\www\books\vendor\laravel\framework\src\Illuminate\Pipeline\Pipeline.php(124): call_user_func_array(Array, Array)
#32 [internal function]: Illuminate\Pipeline\Pipeline->Illuminate\Pipeline\{closure}(Object(Illuminate\Http\Request))
#33 G:\Program Files (x86)\wamp\www\books\vendor\laravel\framework\src\Illuminate\Routing\Pipeline.php(32): call_user_func(Object(Closure), Object(Illuminate\Http\Request))
#34 [internal function]: Illuminate\Routing\Pipeline->Illuminate\Routing\{closure}(Object(Illuminate\Http\Request))
#35 G:\Program Files (x86)\wamp\www\books\vendor\laravel\framework\src\Illuminate\Pipeline\Pipeline.php(103): call_user_func(Object(Closure), Object(Illuminate\Http\Request))
#36 G:\Program Files (x86)\wamp\www\books\vendor\laravel\framework\src\Illuminate\Foundation\Http\Kernel.php(132): Illuminate\Pipeline\Pipeline->then(Object(Closure))
#37 G:\Program Files (x86)\wamp\www\books\vendor\laravel\framework\src\Illuminate\Foundation\Http\Kernel.php(99): Illuminate\Foundation\Http\Kernel->sendRequestThroughRouter(Object(Illuminate\Http\Request))
#38 G:\Program Files (x86)\wamp\www\books\index.php(54): Illuminate\Foundation\Http\Kernel->handle(Object(Illuminate\Http\Request))
#39 {main}

Next exception 'ErrorException' with message 'Trying to get property of non-object (View: G:\Program Files (x86)\wamp\www\books\resources\views\allattrs.blade.php)' in G:\5cfa8add48b1ec4133d1cd725a8f20ad918948df.php:16
Stack trace:
#0 G:\Program Files (x86)\wamp\www\books\vendor\laravel\framework\src\Illuminate\View\Engines\PhpEngine.php(44): Illuminate\View\Engines\CompilerEngine->handleViewException(Object(ErrorException), 1)
#1 G:\Program Files (x86)\wamp\www\books\vendor\laravel\framework\src\Illuminate\View\Engines\CompilerEngine.php(59): Illuminate\View\Engines\PhpEngine->evaluatePath('/5cfa8add48b1ec...', Array)
#2 G:\Program Files (x86)\wamp\www\books\vendor\laravel\framework\src\Illuminate\View\View.php(135): Illuminate\View\Engines\CompilerEngine->get('G:\\Program File...', Array)
#3 G:\Program Files (x86)\wamp\www\books\vendor\laravel\framework\src\Illuminate\View\View.php(106): Illuminate\View\View->getContents()
#4 G:\Program Files (x86)\wamp\www\books\vendor\laravel\framework\src\Illuminate\View\View.php(80): Illuminate\View\View->renderContents()
#5 G:\Program Files (x86)\wamp\www\books\vendor\laravel\framework\src\Illuminate\Http\Response.php(53): Illuminate\View\View->render()
#6 G:\Program Files (x86)\wamp\www\books\vendor\symfony\http-foundation\Response.php(197): Illuminate\Http\Response->setContent(Object(Illuminate\View\View))
#7 G:\Program Files (x86)\wamp\www\books\vendor\laravel\framework\src\Illuminate\Routing\Router.php(1030): Symfony\Component\HttpFoundation\Response->__construct(Object(Illuminate\View\View))
#8 G:\Program Files (x86)\wamp\www\books\vendor\laravel\framework\src\Illuminate\Routing\ControllerDispatcher.php(95): Illuminate\Routing\Router->prepareResponse(Object(Illuminate\Http\Request), Object(Illuminate\View\View))
#9 [internal function]: Illuminate\Routing\ControllerDispatcher->Illuminate\Routing\{closure}(Object(Illuminate\Http\Request))
#10 G:\Program Files (x86)\wamp\www\books\vendor\laravel\framework\src\Illuminate\Routing\Pipeline.php(52): call_user_func(Object(Closure), Object(Illuminate\Http\Request))
#11 [internal function]: Illuminate\Routing\Pipeline->Illuminate\Routing\{closure}(Object(Illuminate\Http\Request))
#12 G:\Program Files (x86)\wamp\www\books\vendor\laravel\framework\src\Illuminate\Pipeline\Pipeline.php(103): call_user_func(Object(Closure), Object(Illuminate\Http\Request))
#13 G:\Program Files (x86)\wamp\www\books\vendor\laravel\framework\src\Illuminate\Routing\ControllerDispatcher.php(96): Illuminate\Pipeline\Pipeline->then(Object(Closure))
#14 G:\Program Files (x86)\wamp\www\books\vendor\laravel\framework\src\Illuminate\Routing\ControllerDispatcher.php(54): Illuminate\Routing\ControllerDispatcher->callWithinStack(Object(App\Http\Controllers\AttributeController), Object(Illuminate\Routing\Route), Object(Illuminate\Http\Request), 'show_all')
#15 G:\Program Files (x86)\wamp\www\books\vendor\laravel\framework\src\Illuminate\Routing\Route.php(174): Illuminate\Routing\ControllerDispatcher->dispatch(Object(Illuminate\Routing\Route), Object(Illuminate\Http\Request), 'App\\Http\\Contro...', 'show_all')
#16 G:\Program Files (x86)\wamp\www\books\vendor\laravel\framework\src\Illuminate\Routing\Route.php(140): Illuminate\Routing\Route->runController(Object(Illuminate\Http\Request))
#17 G:\Program Files (x86)\wamp\www\books\vendor\laravel\framework\src\Illuminate\Routing\Router.php(703): Illuminate\Routing\Route->run(Object(Illuminate\Http\Request))
#18 [internal function]: Illuminate\Routing\Router->Illuminate\Routing\{closure}(Object(Illuminate\Http\Request))
#19 G:\Program Files (x86)\wamp\www\books\vendor\laravel\framework\src\Illuminate\Routing\Pipeline.php(52): call_user_func(Object(Closure), Object(Illuminate\Http\Request))
#20 [internal function]: Illuminate\Routing\Pipeline->Illuminate\Routing\{closure}(Object(Illuminate\Http\Request))
#21 G:\Program Files (x86)\wamp\www\books\vendor\laravel\framework\src\Illuminate\Pipeline\Pipeline.php(103): call_user_func(Object(Closure), Object(Illuminate\Http\Request))
#22 G:\Program Files (x86)\wamp\www\books\vendor\laravel\framework\src\Illuminate\Routing\Router.php(705): Illuminate\Pipeline\Pipeline->then(Object(Closure))
#23 G:\Program Files (x86)\wamp\www\books\vendor\laravel\framework\src\Illuminate\Routing\Router.php(678): Illuminate\Routing\Router->runRouteWithinStack(Object(Illuminate\Routing\Route), Object(Illuminate\Http\Request))
#24 G:\Program Files (x86)\wamp\www\books\vendor\laravel\framework\src\Illuminate\Routing\Router.php(654): Illuminate\Routing\Router->dispatchToRoute(Object(Illuminate\Http\Request))
#25 G:\Program Files (x86)\wamp\www\books\vendor\laravel\framework\src\Illuminate\Foundation\Http\Kernel.php(246): Illuminate\Routing\Router->dispatch(Object(Illuminate\Http\Request))
#26 [internal function]: Illuminate\Foundation\Http\Kernel->Illuminate\Foundation\Http\{closure}(Object(Illuminate\Http\Request))
#27 G:\Program Files (x86)\wamp\www\books\vendor\laravel\framework\src\Illuminate\Routing\Pipeline.php(52): call_user_func(Object(Closure), Object(Illuminate\Http\Request))
#28 G:\Program Files (x86)\wamp\www\books\vendor\laravel\framework\src\Illuminate\Foundation\Http\Middleware\CheckForMaintenanceMode.php(44): Illuminate\Routing\Pipeline->Illuminate\Routing\{closure}(Object(Illuminate\Http\Request))
#29 [internal function]: Illuminate\Foundation\Http\Middleware\CheckForMaintenanceMode->handle(Object(Illuminate\Http\Request), Object(Closure))
#30 G:\Program Files (x86)\wamp\www\books\vendor\laravel\framework\src\Illuminate\Pipeline\Pipeline.php(124): call_user_func_array(Array, Array)
#31 [internal function]: Illuminate\Pipeline\Pipeline->Illuminate\Pipeline\{closure}(Object(Illuminate\Http\Request))
#32 G:\Program Files (x86)\wamp\www\books\vendor\laravel\framework\src\Illuminate\Routing\Pipeline.php(32): call_user_func(Object(Closure), Object(Illuminate\Http\Request))
#33 [internal function]: Illuminate\Routing\Pipeline->Illuminate\Routing\{closure}(Object(Illuminate\Http\Request))
#34 G:\Program Files (x86)\wamp\www\books\vendor\laravel\framework\src\Illuminate\Pipeline\Pipeline.php(103): call_user_func(Object(Closure), Object(Illuminate\Http\Request))
#35 G:\Program Files (x86)\wamp\www\books\vendor\laravel\framework\src\Illuminate\Foundation\Http\Kernel.php(132): Illuminate\Pipeline\Pipeline->then(Object(Closure))
#36 G:\Program Files (x86)\wamp\www\books\vendor\laravel\framework\src\Illuminate\Foundation\Http\Kernel.php(99): Illuminate\Foundation\Http\Kernel->sendRequestThroughRouter(Object(Illuminate\Http\Request))
#37 G:\Program Files (x86)\wamp\www\books\index.php(54): Illuminate\Foundation\Http\Kernel->handle(Object(Illuminate\Http\Request))
#38 {main}  
[2016-02-17 20:44:06] local.ERROR: exception 'ErrorException' with message 'Trying to get property of non-object' in G:\d228652bbccd0689dd89eda1d371ce57f6787fef.php:2
Stack trace:
#0 G:\d228652bbccd0689dd89eda1d371ce57f6787fef.php(2): Illuminate\Foundation\Bootstrap\HandleExceptions->handleError(8, 'Trying to get p...', 'G:\\d228652bbccd...', 2, Array)
#1 G:\Program Files (x86)\wamp\www\books\vendor\laravel\framework\src\Illuminate\View\Engines\PhpEngine.php(42): include('G:\\d228652bbccd...')
#2 G:\Program Files (x86)\wamp\www\books\vendor\laravel\framework\src\Illuminate\View\Engines\CompilerEngine.php(59): Illuminate\View\Engines\PhpEngine->evaluatePath('/d228652bbccd06...', Array)
#3 G:\Program Files (x86)\wamp\www\books\vendor\laravel\framework\src\Illuminate\View\View.php(135): Illuminate\View\Engines\CompilerEngine->get('G:\\Program File...', Array)
#4 G:\Program Files (x86)\wamp\www\books\vendor\laravel\framework\src\Illuminate\View\View.php(106): Illuminate\View\View->getContents()
#5 G:\Program Files (x86)\wamp\www\books\vendor\laravel\framework\src\Illuminate\View\View.php(80): Illuminate\View\View->renderContents()
#6 G:\Program Files (x86)\wamp\www\books\vendor\laravel\framework\src\Illuminate\Http\Response.php(53): Illuminate\View\View->render()
#7 G:\Program Files (x86)\wamp\www\books\vendor\symfony\http-foundation\Response.php(197): Illuminate\Http\Response->setContent(Object(Illuminate\View\View))
#8 G:\Program Files (x86)\wamp\www\books\vendor\laravel\framework\src\Illuminate\Routing\Router.php(1030): Symfony\Component\HttpFoundation\Response->__construct(Object(Illuminate\View\View))
#9 G:\Program Files (x86)\wamp\www\books\vendor\laravel\framework\src\Illuminate\Routing\ControllerDispatcher.php(95): Illuminate\Routing\Router->prepareResponse(Object(Illuminate\Http\Request), Object(Illuminate\View\View))
#10 [internal function]: Illuminate\Routing\ControllerDispatcher->Illuminate\Routing\{closure}(Object(Illuminate\Http\Request))
#11 G:\Program Files (x86)\wamp\www\books\vendor\laravel\framework\src\Illuminate\Routing\Pipeline.php(52): call_user_func(Object(Closure), Object(Illuminate\Http\Request))
#12 [internal function]: Illuminate\Routing\Pipeline->Illuminate\Routing\{closure}(Object(Illuminate\Http\Request))
#13 G:\Program Files (x86)\wamp\www\books\vendor\laravel\framework\src\Illuminate\Pipeline\Pipeline.php(103): call_user_func(Object(Closure), Object(Illuminate\Http\Request))
#14 G:\Program Files (x86)\wamp\www\books\vendor\laravel\framework\src\Illuminate\Routing\ControllerDispatcher.php(96): Illuminate\Pipeline\Pipeline->then(Object(Closure))
#15 G:\Program Files (x86)\wamp\www\books\vendor\laravel\framework\src\Illuminate\Routing\ControllerDispatcher.php(54): Illuminate\Routing\ControllerDispatcher->callWithinStack(Object(App\Http\Controllers\AttributeController), Object(Illuminate\Routing\Route), Object(Illuminate\Http\Request), 'show_update')
#16 G:\Program Files (x86)\wamp\www\books\vendor\laravel\framework\src\Illuminate\Routing\Route.php(174): Illuminate\Routing\ControllerDispatcher->dispatch(Object(Illuminate\Routing\Route), Object(Illuminate\Http\Request), 'App\\Http\\Contro...', 'show_update')
#17 G:\Program Files (x86)\wamp\www\books\vendor\laravel\framework\src\Illuminate\Routing\Route.php(140): Illuminate\Routing\Route->runController(Object(Illuminate\Http\Request))
#18 G:\Program Files (x86)\wamp\www\books\vendor\laravel\framework\src\Illuminate\Routing\Router.php(703): Illuminate\Routing\Route->run(Object(Illuminate\Http\Request))
#19 [internal function]: Illuminate\Routing\Router->Illuminate\Routing\{closure}(Object(Illuminate\Http\Request))
#20 G:\Program Files (x86)\wamp\www\books\vendor\laravel\framework\src\Illuminate\Routing\Pipeline.php(52): call_user_func(Object(Closure), Object(Illuminate\Http\Request))
#21 [internal function]: Illuminate\Routing\Pipeline->Illuminate\Routing\{closure}(Object(Illuminate\Http\Request))
#22 G:\Program Files (x86)\wamp\www\books\vendor\laravel\framework\src\Illuminate\Pipeline\Pipeline.php(103): call_user_func(Object(Closure), Object(Illuminate\Http\Request))
#23 G:\Program Files (x86)\wamp\www\books\vendor\laravel\framework\src\Illuminate\Routing\Router.php(705): Illuminate\Pipeline\Pipeline->then(Object(Closure))
#24 G:\Program Files (x86)\wamp\www\books\vendor\laravel\framework\src\Illuminate\Routing\Router.php(678): Illuminate\Routing\Router->runRouteWithinStack(Object(Illuminate\Routing\Route), Object(Illuminate\Http\Request))
#25 G:\Program Files (x86)\wamp\www\books\vendor\laravel\framework\src\Illuminate\Routing\Router.php(654): Illuminate\Routing\Router->dispatchToRoute(Object(Illuminate\Http\Request))
#26 G:\Program Files (x86)\wamp\www\books\vendor\laravel\framework\src\Illuminate\Foundation\Http\Kernel.php(246): Illuminate\Routing\Router->dispatch(Object(Illuminate\Http\Request))
#27 [internal function]: Illuminate\Foundation\Http\Kernel->Illuminate\Foundation\Http\{closure}(Object(Illuminate\Http\Request))
#28 G:\Program Files (x86)\wamp\www\books\vendor\laravel\framework\src\Illuminate\Routing\Pipeline.php(52): call_user_func(Object(Closure), Object(Illuminate\Http\Request))
#29 G:\Program Files (x86)\wamp\www\books\vendor\laravel\framework\src\Illuminate\Foundation\Http\Middleware\CheckForMaintenanceMode.php(44): Illuminate\Routing\Pipeline->Illuminate\Routing\{closure}(Object(Illuminate\Http\Request))
#30 [internal function]: Illuminate\Foundation\Http\Middleware\CheckForMaintenanceMode->handle(Object(Illuminate\Http\Request), Object(Closure))
#31 G:\Program Files (x86)\wamp\www\books\vendor\laravel\framework\src\Illuminate\Pipeline\Pipeline.php(124): call_user_func_array(Array, Array)
#32 [internal function]: Illuminate\Pipeline\Pipeline->Illuminate\Pipeline\{closure}(Object(Illuminate\Http\Request))
#33 G:\Program Files (x86)\wamp\www\books\vendor\laravel\framework\src\Illuminate\Routing\Pipeline.php(32): call_user_func(Object(Closure), Object(Illuminate\Http\Request))
#34 [internal function]: Illuminate\Routing\Pipeline->Illuminate\Routing\{closure}(Object(Illuminate\Http\Request))
#35 G:\Program Files (x86)\wamp\www\books\vendor\laravel\framework\src\Illuminate\Pipeline\Pipeline.php(103): call_user_func(Object(Closure), Object(Illuminate\Http\Request))
#36 G:\Program Files (x86)\wamp\www\books\vendor\laravel\framework\src\Illuminate\Foundation\Http\Kernel.php(132): Illuminate\Pipeline\Pipeline->then(Object(Closure))
#37 G:\Program Files (x86)\wamp\www\books\vendor\laravel\framework\src\Illuminate\Foundation\Http\Kernel.php(99): Illuminate\Foundation\Http\Kernel->sendRequestThroughRouter(Object(Illuminate\Http\Request))
#38 G:\Program Files (x86)\wamp\www\books\index.php(54): Illuminate\Foundation\Http\Kernel->handle(Object(Illuminate\Http\Request))
#39 {main}

Next exception 'ErrorException' with message 'Trying to get property of non-object (View: G:\Program Files (x86)\wamp\www\books\resources\views\updateattr.blade.php)' in G:\d228652bbccd0689dd89eda1d371ce57f6787fef.php:2
Stack trace:
#0 G:\Program Files (x86)\wamp\www\books\vendor\laravel\framework\src\Illuminate\View\Engines\PhpEngine.php(44): Illuminate\View\Engines\CompilerEngine->handleViewException(Object(ErrorException), 1)
#1 G:\Program Files (x86)\wamp\www\books\vendor\laravel\framework\src\Illuminate\View\Engines\CompilerEngine.php(59): Illuminate\View\Engines\PhpEngine->evaluatePath('/d228652bbccd06...', Array)
#2 G:\Program Files (x86)\wamp\www\books\vendor\laravel\framework\src\Illuminate\View\View.php(135): Illuminate\View\Engines\CompilerEngine->get('G:\\Program File...', Array)
#3 G:\Program Files (x86)\wamp\www\books\vendor\laravel\framework\src\Illuminate\View\View.php(106): Illuminate\View\View->getContents()
#4 G:\Program Files (x86)\wamp\www\books\vendor\laravel\framework\src\Illuminate\View\View.php(80): Illuminate\View\View->renderContents()
#5 G:\Program Files (x86)\wamp\www\books\vendor\laravel\framework\src\Illuminate\Http\Response.php(53): Illuminate\View\View->render()
#6 G:\Program Files (x86)\wamp\www\books\vendor\symfony\http-foundation\Response.php(197): Illuminate\Http\Response->setContent(Object(Illuminate\View\View))
#7 G:\Program Files (x86)\wamp\www\books\vendor\laravel\framework\src\Illuminate\Routing\Router.php(1030): Symfony\Component\HttpFoundation\Response->__construct(Object(Illuminate\View\View))
#8 G:\Program Files (x86)\wamp\www\books\vendor\laravel\framework\src\Illuminate\Routing\ControllerDispatcher.php(95): Illuminate\Routing\Router->prepareResponse(Object(Illuminate\Http\Request), Object(Illuminate\View\View))
#9 [internal function]: Illuminate\Routing\ControllerDispatcher->Illuminate\Routing\{closure}(Object(Illuminate\Http\Request))
#10 G:\Program Files (x86)\wamp\www\books\vendor\laravel\framework\src\Illuminate\Routing\Pipeline.php(52): call_user_func(Object(Closure), Object(Illuminate\Http\Request))
#11 [internal function]: Illuminate\Routing\Pipeline->Illuminate\Routing\{closure}(Object(Illuminate\Http\Request))
#12 G:\Program Files (x86)\wamp\www\books\vendor\laravel\framework\src\Illuminate\Pipeline\Pipeline.php(103): call_user_func(Object(Closure), Object(Illuminate\Http\Request))
#13 G:\Program Files (x86)\wamp\www\books\vendor\laravel\framework\src\Illuminate\Routing\ControllerDispatcher.php(96): Illuminate\Pipeline\Pipeline->then(Object(Closure))
#14 G:\Program Files (x86)\wamp\www\books\vendor\laravel\framework\src\Illuminate\Routing\ControllerDispatcher.php(54): Illuminate\Routing\ControllerDispatcher->callWithinStack(Object(App\Http\Controllers\AttributeController), Object(Illuminate\Routing\Route), Object(Illuminate\Http\Request), 'show_update')
#15 G:\Program Files (x86)\wamp\www\books\vendor\laravel\framework\src\Illuminate\Routing\Route.php(174): Illuminate\Routing\ControllerDispatcher->dispatch(Object(Illuminate\Routing\Route), Object(Illuminate\Http\Request), 'App\\Http\\Contro...', 'show_update')
#16 G:\Program Files (x86)\wamp\www\books\vendor\laravel\framework\src\Illuminate\Routing\Route.php(140): Illuminate\Routing\Route->runController(Object(Illuminate\Http\Request))
#17 G:\Program Files (x86)\wamp\www\books\vendor\laravel\framework\src\Illuminate\Routing\Router.php(703): Illuminate\Routing\Route->run(Object(Illuminate\Http\Request))
#18 [internal function]: Illuminate\Routing\Router->Illuminate\Routing\{closure}(Object(Illuminate\Http\Request))
#19 G:\Program Files (x86)\wamp\www\books\vendor\laravel\framework\src\Illuminate\Routing\Pipeline.php(52): call_user_func(Object(Closure), Object(Illuminate\Http\Request))
#20 [internal function]: Illuminate\Routing\Pipeline->Illuminate\Routing\{closure}(Object(Illuminate\Http\Request))
#21 G:\Program Files (x86)\wamp\www\books\vendor\laravel\framework\src\Illuminate\Pipeline\Pipeline.php(103): call_user_func(Object(Closure), Object(Illuminate\Http\Request))
#22 G:\Program Files (x86)\wamp\www\books\vendor\laravel\framework\src\Illuminate\Routing\Router.php(705): Illuminate\Pipeline\Pipeline->then(Object(Closure))
#23 G:\Program Files (x86)\wamp\www\books\vendor\laravel\framework\src\Illuminate\Routing\Router.php(678): Illuminate\Routing\Router->runRouteWithinStack(Object(Illuminate\Routing\Route), Object(Illuminate\Http\Request))
#24 G:\Program Files (x86)\wamp\www\books\vendor\laravel\framework\src\Illuminate\Routing\Router.php(654): Illuminate\Routing\Router->dispatchToRoute(Object(Illuminate\Http\Request))
#25 G:\Program Files (x86)\wamp\www\books\vendor\laravel\framework\src\Illuminate\Foundation\Http\Kernel.php(246): Illuminate\Routing\Router->dispatch(Object(Illuminate\Http\Request))
#26 [internal function]: Illuminate\Foundation\Http\Kernel->Illuminate\Foundation\Http\{closure}(Object(Illuminate\Http\Request))
#27 G:\Program Files (x86)\wamp\www\books\vendor\laravel\framework\src\Illuminate\Routing\Pipeline.php(52): call_user_func(Object(Closure), Object(Illuminate\Http\Request))
#28 G:\Program Files (x86)\wamp\www\books\vendor\laravel\framework\src\Illuminate\Foundation\Http\Middleware\CheckForMaintenanceMode.php(44): Illuminate\Routing\Pipeline->Illuminate\Routing\{closure}(Object(Illuminate\Http\Request))
#29 [internal function]: Illuminate\Foundation\Http\Middleware\CheckForMaintenanceMode->handle(Object(Illuminate\Http\Request), Object(Closure))
#30 G:\Program Files (x86)\wamp\www\books\vendor\laravel\framework\src\Illuminate\Pipeline\Pipeline.php(124): call_user_func_array(Array, Array)
#31 [internal function]: Illuminate\Pipeline\Pipeline->Illuminate\Pipeline\{closure}(Object(Illuminate\Http\Request))
#32 G:\Program Files (x86)\wamp\www\books\vendor\laravel\framework\src\Illuminate\Routing\Pipeline.php(32): call_user_func(Object(Closure), Object(Illuminate\Http\Request))
#33 [internal function]: Illuminate\Routing\Pipeline->Illuminate\Routing\{closure}(Object(Illuminate\Http\Request))
#34 G:\Program Files (x86)\wamp\www\books\vendor\laravel\framework\src\Illuminate\Pipeline\Pipeline.php(103): call_user_func(Object(Closure), Object(Illuminate\Http\Request))
#35 G:\Program Files (x86)\wamp\www\books\vendor\laravel\framework\src\Illuminate\Foundation\Http\Kernel.php(132): Illuminate\Pipeline\Pipeline->then(Object(Closure))
#36 G:\Program Files (x86)\wamp\www\books\vendor\laravel\framework\src\Illuminate\Foundation\Http\Kernel.php(99): Illuminate\Foundation\Http\Kernel->sendRequestThroughRouter(Object(Illuminate\Http\Request))
#37 G:\Program Files (x86)\wamp\www\books\index.php(54): Illuminate\Foundation\Http\Kernel->handle(Object(Illuminate\Http\Request))
#38 {main}  
[2016-02-17 20:46:24] local.ERROR: exception 'ErrorException' with message 'Trying to get property of non-object' in G:\d228652bbccd0689dd89eda1d371ce57f6787fef.php:2
Stack trace:
#0 G:\d228652bbccd0689dd89eda1d371ce57f6787fef.php(2): Illuminate\Foundation\Bootstrap\HandleExceptions->handleError(8, 'Trying to get p...', 'G:\\d228652bbccd...', 2, Array)
#1 G:\Program Files (x86)\wamp\www\books\vendor\laravel\framework\src\Illuminate\View\Engines\PhpEngine.php(42): include('G:\\d228652bbccd...')
#2 G:\Program Files (x86)\wamp\www\books\vendor\laravel\framework\src\Illuminate\View\Engines\CompilerEngine.php(59): Illuminate\View\Engines\PhpEngine->evaluatePath('/d228652bbccd06...', Array)
#3 G:\Program Files (x86)\wamp\www\books\vendor\laravel\framework\src\Illuminate\View\View.php(135): Illuminate\View\Engines\CompilerEngine->get('G:\\Program File...', Array)
#4 G:\Program Files (x86)\wamp\www\books\vendor\laravel\framework\src\Illuminate\View\View.php(106): Illuminate\View\View->getContents()
#5 G:\Program Files (x86)\wamp\www\books\vendor\laravel\framework\src\Illuminate\View\View.php(80): Illuminate\View\View->renderContents()
#6 G:\Program Files (x86)\wamp\www\books\vendor\laravel\framework\src\Illuminate\Http\Response.php(53): Illuminate\View\View->render()
#7 G:\Program Files (x86)\wamp\www\books\vendor\symfony\http-foundation\Response.php(197): Illuminate\Http\Response->setContent(Object(Illuminate\View\View))
#8 G:\Program Files (x86)\wamp\www\books\vendor\laravel\framework\src\Illuminate\Routing\Router.php(1030): Symfony\Component\HttpFoundation\Response->__construct(Object(Illuminate\View\View))
#9 G:\Program Files (x86)\wamp\www\books\vendor\laravel\framework\src\Illuminate\Routing\ControllerDispatcher.php(95): Illuminate\Routing\Router->prepareResponse(Object(Illuminate\Http\Request), Object(Illuminate\View\View))
#10 [internal function]: Illuminate\Routing\ControllerDispatcher->Illuminate\Routing\{closure}(Object(Illuminate\Http\Request))
#11 G:\Program Files (x86)\wamp\www\books\vendor\laravel\framework\src\Illuminate\Routing\Pipeline.php(52): call_user_func(Object(Closure), Object(Illuminate\Http\Request))
#12 [internal function]: Illuminate\Routing\Pipeline->Illuminate\Routing\{closure}(Object(Illuminate\Http\Request))
#13 G:\Program Files (x86)\wamp\www\books\vendor\laravel\framework\src\Illuminate\Pipeline\Pipeline.php(103): call_user_func(Object(Closure), Object(Illuminate\Http\Request))
#14 G:\Program Files (x86)\wamp\www\books\vendor\laravel\framework\src\Illuminate\Routing\ControllerDispatcher.php(96): Illuminate\Pipeline\Pipeline->then(Object(Closure))
#15 G:\Program Files (x86)\wamp\www\books\vendor\laravel\framework\src\Illuminate\Routing\ControllerDispatcher.php(54): Illuminate\Routing\ControllerDispatcher->callWithinStack(Object(App\Http\Controllers\AttributeController), Object(Illuminate\Routing\Route), Object(Illuminate\Http\Request), 'show_update')
#16 G:\Program Files (x86)\wamp\www\books\vendor\laravel\framework\src\Illuminate\Routing\Route.php(174): Illuminate\Routing\ControllerDispatcher->dispatch(Object(Illuminate\Routing\Route), Object(Illuminate\Http\Request), 'App\\Http\\Contro...', 'show_update')
#17 G:\Program Files (x86)\wamp\www\books\vendor\laravel\framework\src\Illuminate\Routing\Route.php(140): Illuminate\Routing\Route->runController(Object(Illuminate\Http\Request))
#18 G:\Program Files (x86)\wamp\www\books\vendor\laravel\framework\src\Illuminate\Routing\Router.php(703): Illuminate\Routing\Route->run(Object(Illuminate\Http\Request))
#19 [internal function]: Illuminate\Routing\Router->Illuminate\Routing\{closure}(Object(Illuminate\Http\Request))
#20 G:\Program Files (x86)\wamp\www\books\vendor\laravel\framework\src\Illuminate\Routing\Pipeline.php(52): call_user_func(Object(Closure), Object(Illuminate\Http\Request))
#21 [internal function]: Illuminate\Routing\Pipeline->Illuminate\Routing\{closure}(Object(Illuminate\Http\Request))
#22 G:\Program Files (x86)\wamp\www\books\vendor\laravel\framework\src\Illuminate\Pipeline\Pipeline.php(103): call_user_func(Object(Closure), Object(Illuminate\Http\Request))
#23 G:\Program Files (x86)\wamp\www\books\vendor\laravel\framework\src\Illuminate\Routing\Router.php(705): Illuminate\Pipeline\Pipeline->then(Object(Closure))
#24 G:\Program Files (x86)\wamp\www\books\vendor\laravel\framework\src\Illuminate\Routing\Router.php(678): Illuminate\Routing\Router->runRouteWithinStack(Object(Illuminate\Routing\Route), Object(Illuminate\Http\Request))
#25 G:\Program Files (x86)\wamp\www\books\vendor\laravel\framework\src\Illuminate\Routing\Router.php(654): Illuminate\Routing\Router->dispatchToRoute(Object(Illuminate\Http\Request))
#26 G:\Program Files (x86)\wamp\www\books\vendor\laravel\framework\src\Illuminate\Foundation\Http\Kernel.php(246): Illuminate\Routing\Router->dispatch(Object(Illuminate\Http\Request))
#27 [internal function]: Illuminate\Foundation\Http\Kernel->Illuminate\Foundation\Http\{closure}(Object(Illuminate\Http\Request))
#28 G:\Program Files (x86)\wamp\www\books\vendor\laravel\framework\src\Illuminate\Routing\Pipeline.php(52): call_user_func(Object(Closure), Object(Illuminate\Http\Request))
#29 G:\Program Files (x86)\wamp\www\books\vendor\laravel\framework\src\Illuminate\Foundation\Http\Middleware\CheckForMaintenanceMode.php(44): Illuminate\Routing\Pipeline->Illuminate\Routing\{closure}(Object(Illuminate\Http\Request))
#30 [internal function]: Illuminate\Foundation\Http\Middleware\CheckForMaintenanceMode->handle(Object(Illuminate\Http\Request), Object(Closure))
#31 G:\Program Files (x86)\wamp\www\books\vendor\laravel\framework\src\Illuminate\Pipeline\Pipeline.php(124): call_user_func_array(Array, Array)
#32 [internal function]: Illuminate\Pipeline\Pipeline->Illuminate\Pipeline\{closure}(Object(Illuminate\Http\Request))
#33 G:\Program Files (x86)\wamp\www\books\vendor\laravel\framework\src\Illuminate\Routing\Pipeline.php(32): call_user_func(Object(Closure), Object(Illuminate\Http\Request))
#34 [internal function]: Illuminate\Routing\Pipeline->Illuminate\Routing\{closure}(Object(Illuminate\Http\Request))
#35 G:\Program Files (x86)\wamp\www\books\vendor\laravel\framework\src\Illuminate\Pipeline\Pipeline.php(103): call_user_func(Object(Closure), Object(Illuminate\Http\Request))
#36 G:\Program Files (x86)\wamp\www\books\vendor\laravel\framework\src\Illuminate\Foundation\Http\Kernel.php(132): Illuminate\Pipeline\Pipeline->then(Object(Closure))
#37 G:\Program Files (x86)\wamp\www\books\vendor\laravel\framework\src\Illuminate\Foundation\Http\Kernel.php(99): Illuminate\Foundation\Http\Kernel->sendRequestThroughRouter(Object(Illuminate\Http\Request))
#38 G:\Program Files (x86)\wamp\www\books\index.php(54): Illuminate\Foundation\Http\Kernel->handle(Object(Illuminate\Http\Request))
#39 {main}

Next exception 'ErrorException' with message 'Trying to get property of non-object (View: G:\Program Files (x86)\wamp\www\books\resources\views\updateattr.blade.php)' in G:\d228652bbccd0689dd89eda1d371ce57f6787fef.php:2
Stack trace:
#0 G:\Program Files (x86)\wamp\www\books\vendor\laravel\framework\src\Illuminate\View\Engines\PhpEngine.php(44): Illuminate\View\Engines\CompilerEngine->handleViewException(Object(ErrorException), 1)
#1 G:\Program Files (x86)\wamp\www\books\vendor\laravel\framework\src\Illuminate\View\Engines\CompilerEngine.php(59): Illuminate\View\Engines\PhpEngine->evaluatePath('/d228652bbccd06...', Array)
#2 G:\Program Files (x86)\wamp\www\books\vendor\laravel\framework\src\Illuminate\View\View.php(135): Illuminate\View\Engines\CompilerEngine->get('G:\\Program File...', Array)
#3 G:\Program Files (x86)\wamp\www\books\vendor\laravel\framework\src\Illuminate\View\View.php(106): Illuminate\View\View->getContents()
#4 G:\Program Files (x86)\wamp\www\books\vendor\laravel\framework\src\Illuminate\View\View.php(80): Illuminate\View\View->renderContents()
#5 G:\Program Files (x86)\wamp\www\books\vendor\laravel\framework\src\Illuminate\Http\Response.php(53): Illuminate\View\View->render()
#6 G:\Program Files (x86)\wamp\www\books\vendor\symfony\http-foundation\Response.php(197): Illuminate\Http\Response->setContent(Object(Illuminate\View\View))
#7 G:\Program Files (x86)\wamp\www\books\vendor\laravel\framework\src\Illuminate\Routing\Router.php(1030): Symfony\Component\HttpFoundation\Response->__construct(Object(Illuminate\View\View))
#8 G:\Program Files (x86)\wamp\www\books\vendor\laravel\framework\src\Illuminate\Routing\ControllerDispatcher.php(95): Illuminate\Routing\Router->prepareResponse(Object(Illuminate\Http\Request), Object(Illuminate\View\View))
#9 [internal function]: Illuminate\Routing\ControllerDispatcher->Illuminate\Routing\{closure}(Object(Illuminate\Http\Request))
#10 G:\Program Files (x86)\wamp\www\books\vendor\laravel\framework\src\Illuminate\Routing\Pipeline.php(52): call_user_func(Object(Closure), Object(Illuminate\Http\Request))
#11 [internal function]: Illuminate\Routing\Pipeline->Illuminate\Routing\{closure}(Object(Illuminate\Http\Request))
#12 G:\Program Files (x86)\wamp\www\books\vendor\laravel\framework\src\Illuminate\Pipeline\Pipeline.php(103): call_user_func(Object(Closure), Object(Illuminate\Http\Request))
#13 G:\Program Files (x86)\wamp\www\books\vendor\laravel\framework\src\Illuminate\Routing\ControllerDispatcher.php(96): Illuminate\Pipeline\Pipeline->then(Object(Closure))
#14 G:\Program Files (x86)\wamp\www\books\vendor\laravel\framework\src\Illuminate\Routing\ControllerDispatcher.php(54): Illuminate\Routing\ControllerDispatcher->callWithinStack(Object(App\Http\Controllers\AttributeController), Object(Illuminate\Routing\Route), Object(Illuminate\Http\Request), 'show_update')
#15 G:\Program Files (x86)\wamp\www\books\vendor\laravel\framework\src\Illuminate\Routing\Route.php(174): Illuminate\Routing\ControllerDispatcher->dispatch(Object(Illuminate\Routing\Route), Object(Illuminate\Http\Request), 'App\\Http\\Contro...', 'show_update')
#16 G:\Program Files (x86)\wamp\www\books\vendor\laravel\framework\src\Illuminate\Routing\Route.php(140): Illuminate\Routing\Route->runController(Object(Illuminate\Http\Request))
#17 G:\Program Files (x86)\wamp\www\books\vendor\laravel\framework\src\Illuminate\Routing\Router.php(703): Illuminate\Routing\Route->run(Object(Illuminate\Http\Request))
#18 [internal function]: Illuminate\Routing\Router->Illuminate\Routing\{closure}(Object(Illuminate\Http\Request))
#19 G:\Program Files (x86)\wamp\www\books\vendor\laravel\framework\src\Illuminate\Routing\Pipeline.php(52): call_user_func(Object(Closure), Object(Illuminate\Http\Request))
#20 [internal function]: Illuminate\Routing\Pipeline->Illuminate\Routing\{closure}(Object(Illuminate\Http\Request))
#21 G:\Program Files (x86)\wamp\www\books\vendor\laravel\framework\src\Illuminate\Pipeline\Pipeline.php(103): call_user_func(Object(Closure), Object(Illuminate\Http\Request))
#22 G:\Program Files (x86)\wamp\www\books\vendor\laravel\framework\src\Illuminate\Routing\Router.php(705): Illuminate\Pipeline\Pipeline->then(Object(Closure))
#23 G:\Program Files (x86)\wamp\www\books\vendor\laravel\framework\src\Illuminate\Routing\Router.php(678): Illuminate\Routing\Router->runRouteWithinStack(Object(Illuminate\Routing\Route), Object(Illuminate\Http\Request))
#24 G:\Program Files (x86)\wamp\www\books\vendor\laravel\framework\src\Illuminate\Routing\Router.php(654): Illuminate\Routing\Router->dispatchToRoute(Object(Illuminate\Http\Request))
#25 G:\Program Files (x86)\wamp\www\books\vendor\laravel\framework\src\Illuminate\Foundation\Http\Kernel.php(246): Illuminate\Routing\Router->dispatch(Object(Illuminate\Http\Request))
#26 [internal function]: Illuminate\Foundation\Http\Kernel->Illuminate\Foundation\Http\{closure}(Object(Illuminate\Http\Request))
#27 G:\Program Files (x86)\wamp\www\books\vendor\laravel\framework\src\Illuminate\Routing\Pipeline.php(52): call_user_func(Object(Closure), Object(Illuminate\Http\Request))
#28 G:\Program Files (x86)\wamp\www\books\vendor\laravel\framework\src\Illuminate\Foundation\Http\Middleware\CheckForMaintenanceMode.php(44): Illuminate\Routing\Pipeline->Illuminate\Routing\{closure}(Object(Illuminate\Http\Request))
#29 [internal function]: Illuminate\Foundation\Http\Middleware\CheckForMaintenanceMode->handle(Object(Illuminate\Http\Request), Object(Closure))
#30 G:\Program Files (x86)\wamp\www\books\vendor\laravel\framework\src\Illuminate\Pipeline\Pipeline.php(124): call_user_func_array(Array, Array)
#31 [internal function]: Illuminate\Pipeline\Pipeline->Illuminate\Pipeline\{closure}(Object(Illuminate\Http\Request))
#32 G:\Program Files (x86)\wamp\www\books\vendor\laravel\framework\src\Illuminate\Routing\Pipeline.php(32): call_user_func(Object(Closure), Object(Illuminate\Http\Request))
#33 [internal function]: Illuminate\Routing\Pipeline->Illuminate\Routing\{closure}(Object(Illuminate\Http\Request))
#34 G:\Program Files (x86)\wamp\www\books\vendor\laravel\framework\src\Illuminate\Pipeline\Pipeline.php(103): call_user_func(Object(Closure), Object(Illuminate\Http\Request))
#35 G:\Program Files (x86)\wamp\www\books\vendor\laravel\framework\src\Illuminate\Foundation\Http\Kernel.php(132): Illuminate\Pipeline\Pipeline->then(Object(Closure))
#36 G:\Program Files (x86)\wamp\www\books\vendor\laravel\framework\src\Illuminate\Foundation\Http\Kernel.php(99): Illuminate\Foundation\Http\Kernel->sendRequestThroughRouter(Object(Illuminate\Http\Request))
#37 G:\Program Files (x86)\wamp\www\books\index.php(54): Illuminate\Foundation\Http\Kernel->handle(Object(Illuminate\Http\Request))
#38 {main}  
[2016-02-17 20:49:48] local.ERROR: exception 'Symfony\Component\Debug\Exception\FatalErrorException' with message 'syntax error, unexpected 'return' (T_RETURN), expecting function (T_FUNCTION)' in G:\Program Files (x86)\wamp\www\books\app\Http\Controllers\AttributeController.php:88
Stack trace:
#0 G:\Program Files (x86)\wamp\www\books\vendor\laravel\framework\src\Illuminate\Foundation\Bootstrap\HandleExceptions.php(133): Symfony\Component\Debug\Exception\FatalErrorException->__construct()
#1 G:\Program Files (x86)\wamp\www\books\vendor\laravel\framework\src\Illuminate\Foundation\Bootstrap\HandleExceptions.php(118): Illuminate\Foundation\Bootstrap\HandleExceptions->fatalExceptionFromError()
#2 G:\Program Files (x86)\wamp\www\books\vendor\laravel\framework\src\Illuminate\Foundation\Bootstrap\HandleExceptions.php(0): Illuminate\Foundation\Bootstrap\HandleExceptions->handleShutdown()
#3 G:\Program Files (x86)\wamp\www\books\vendor\composer\ClassLoader.php(301): Composer\Autoload\includeFile()
#4 G:\Program Files (x86)\wamp\www\books\vendor\laravel\framework\src\Illuminate\Routing\Route.php(0): Composer\Autoload\ClassLoader->loadClass()
#5 G:\Program Files (x86)\wamp\www\books\vendor\laravel\framework\src\Illuminate\Routing\Route.php(264): spl_autoload_call()
#6 G:\Program Files (x86)\wamp\www\books\vendor\laravel\framework\src\Illuminate\Routing\Route.php(264): ReflectionMethod->__construct()
#7 G:\Program Files (x86)\wamp\www\books\vendor\laravel\framework\src\Illuminate\Routing\Router.php(838): Illuminate\Routing\Route->signatureParameters()
#8 G:\Program Files (x86)\wamp\www\books\vendor\laravel\framework\src\Illuminate\Routing\Router.php(823): Illuminate\Routing\Router->substituteImplicitBindings()
#9 G:\Program Files (x86)\wamp\www\books\vendor\laravel\framework\src\Illuminate\Routing\Router.php(806): Illuminate\Routing\Router->substituteBindings()
#10 G:\Program Files (x86)\wamp\www\books\vendor\laravel\framework\src\Illuminate\Routing\Router.php(670): Illuminate\Routing\Router->findRoute()
#11 G:\Program Files (x86)\wamp\www\books\vendor\laravel\framework\src\Illuminate\Routing\Router.php(654): Illuminate\Routing\Router->dispatchToRoute()
#12 G:\Program Files (x86)\wamp\www\books\vendor\laravel\framework\src\Illuminate\Foundation\Http\Kernel.php(246): Illuminate\Routing\Router->dispatch()
#13 G:\Program Files (x86)\wamp\www\books\vendor\laravel\framework\src\Illuminate\Routing\Pipeline.php(52): Illuminate\Foundation\Http\Kernel->Illuminate\Foundation\Http\{closure}()
#14 G:\Program Files (x86)\wamp\www\books\vendor\laravel\framework\src\Illuminate\Routing\Pipeline.php(52): call_user_func:{G:\Program Files (x86)\wamp\www\books\vendor\laravel\framework\src\Illuminate\Routing\Pipeline.php:52}()
#15 G:\Program Files (x86)\wamp\www\books\vendor\laravel\framework\src\Illuminate\Foundation\Http\Middleware\CheckForMaintenanceMode.php(44): Illuminate\Routing\Pipeline->Illuminate\Routing\{closure}()
#16 G:\Program Files (x86)\wamp\www\books\vendor\laravel\framework\src\Illuminate\Pipeline\Pipeline.php(124): Illuminate\Foundation\Http\Middleware\CheckForMaintenanceMode->handle()
#17 G:\Program Files (x86)\wamp\www\books\vendor\laravel\framework\src\Illuminate\Pipeline\Pipeline.php(124): call_user_func_array:{G:\Program Files (x86)\wamp\www\books\vendor\laravel\framework\src\Illuminate\Pipeline\Pipeline.php:124}()
#18 G:\Program Files (x86)\wamp\www\books\vendor\laravel\framework\src\Illuminate\Routing\Pipeline.php(32): Illuminate\Pipeline\Pipeline->Illuminate\Pipeline\{closure}()
#19 G:\Program Files (x86)\wamp\www\books\vendor\laravel\framework\src\Illuminate\Routing\Pipeline.php(32): call_user_func:{G:\Program Files (x86)\wamp\www\books\vendor\laravel\framework\src\Illuminate\Routing\Pipeline.php:32}()
#20 G:\Program Files (x86)\wamp\www\books\vendor\laravel\framework\src\Illuminate\Pipeline\Pipeline.php(103): Illuminate\Routing\Pipeline->Illuminate\Routing\{closure}()
#21 G:\Program Files (x86)\wamp\www\books\vendor\laravel\framework\src\Illuminate\Pipeline\Pipeline.php(103): call_user_func:{G:\Program Files (x86)\wamp\www\books\vendor\laravel\framework\src\Illuminate\Pipeline\Pipeline.php:103}()
#22 G:\Program Files (x86)\wamp\www\books\vendor\laravel\framework\src\Illuminate\Foundation\Http\Kernel.php(132): Illuminate\Pipeline\Pipeline->then()
#23 G:\Program Files (x86)\wamp\www\books\vendor\laravel\framework\src\Illuminate\Foundation\Http\Kernel.php(99): Illuminate\Foundation\Http\Kernel->sendRequestThroughRouter()
#24 G:\Program Files (x86)\wamp\www\books\index.php(54): Illuminate\Foundation\Http\Kernel->handle()
#25 G:\Program Files (x86)\wamp\www\books\index.php(0): {main}()
#26 {main}  
[2016-02-17 20:50:17] local.ERROR: exception 'ErrorException' with message 'Undefined variable: data' in G:\Program Files (x86)\wamp\www\books\app\Http\Controllers\AttributeController.php:85
Stack trace:
#0 G:\Program Files (x86)\wamp\www\books\app\Http\Controllers\AttributeController.php(85): Illuminate\Foundation\Bootstrap\HandleExceptions->handleError(8, 'Undefined varia...', 'G:\\Program File...', 85, Array)
#1 [internal function]: App\Http\Controllers\AttributeController->show_update('45')
#2 G:\Program Files (x86)\wamp\www\books\vendor\laravel\framework\src\Illuminate\Routing\Controller.php(76): call_user_func_array(Array, Array)
#3 G:\Program Files (x86)\wamp\www\books\vendor\laravel\framework\src\Illuminate\Routing\ControllerDispatcher.php(146): Illuminate\Routing\Controller->callAction('show_update', Array)
#4 G:\Program Files (x86)\wamp\www\books\vendor\laravel\framework\src\Illuminate\Routing\ControllerDispatcher.php(94): Illuminate\Routing\ControllerDispatcher->call(Object(App\Http\Controllers\AttributeController), Object(Illuminate\Routing\Route), 'show_update')
#5 [internal function]: Illuminate\Routing\ControllerDispatcher->Illuminate\Routing\{closure}(Object(Illuminate\Http\Request))
#6 G:\Program Files (x86)\wamp\www\books\vendor\laravel\framework\src\Illuminate\Routing\Pipeline.php(52): call_user_func(Object(Closure), Object(Illuminate\Http\Request))
#7 [internal function]: Illuminate\Routing\Pipeline->Illuminate\Routing\{closure}(Object(Illuminate\Http\Request))
#8 G:\Program Files (x86)\wamp\www\books\vendor\laravel\framework\src\Illuminate\Pipeline\Pipeline.php(103): call_user_func(Object(Closure), Object(Illuminate\Http\Request))
#9 G:\Program Files (x86)\wamp\www\books\vendor\laravel\framework\src\Illuminate\Routing\ControllerDispatcher.php(96): Illuminate\Pipeline\Pipeline->then(Object(Closure))
#10 G:\Program Files (x86)\wamp\www\books\vendor\laravel\framework\src\Illuminate\Routing\ControllerDispatcher.php(54): Illuminate\Routing\ControllerDispatcher->callWithinStack(Object(App\Http\Controllers\AttributeController), Object(Illuminate\Routing\Route), Object(Illuminate\Http\Request), 'show_update')
#11 G:\Program Files (x86)\wamp\www\books\vendor\laravel\framework\src\Illuminate\Routing\Route.php(174): Illuminate\Routing\ControllerDispatcher->dispatch(Object(Illuminate\Routing\Route), Object(Illuminate\Http\Request), 'App\\Http\\Contro...', 'show_update')
#12 G:\Program Files (x86)\wamp\www\books\vendor\laravel\framework\src\Illuminate\Routing\Route.php(140): Illuminate\Routing\Route->runController(Object(Illuminate\Http\Request))
#13 G:\Program Files (x86)\wamp\www\books\vendor\laravel\framework\src\Illuminate\Routing\Router.php(703): Illuminate\Routing\Route->run(Object(Illuminate\Http\Request))
#14 [internal function]: Illuminate\Routing\Router->Illuminate\Routing\{closure}(Object(Illuminate\Http\Request))
#15 G:\Program Files (x86)\wamp\www\books\vendor\laravel\framework\src\Illuminate\Routing\Pipeline.php(52): call_user_func(Object(Closure), Object(Illuminate\Http\Request))
#16 [internal function]: Illuminate\Routing\Pipeline->Illuminate\Routing\{closure}(Object(Illuminate\Http\Request))
#17 G:\Program Files (x86)\wamp\www\books\vendor\laravel\framework\src\Illuminate\Pipeline\Pipeline.php(103): call_user_func(Object(Closure), Object(Illuminate\Http\Request))
#18 G:\Program Files (x86)\wamp\www\books\vendor\laravel\framework\src\Illuminate\Routing\Router.php(705): Illuminate\Pipeline\Pipeline->then(Object(Closure))
#19 G:\Program Files (x86)\wamp\www\books\vendor\laravel\framework\src\Illuminate\Routing\Router.php(678): Illuminate\Routing\Router->runRouteWithinStack(Object(Illuminate\Routing\Route), Object(Illuminate\Http\Request))
#20 G:\Program Files (x86)\wamp\www\books\vendor\laravel\framework\src\Illuminate\Routing\Router.php(654): Illuminate\Routing\Router->dispatchToRoute(Object(Illuminate\Http\Request))
#21 G:\Program Files (x86)\wamp\www\books\vendor\laravel\framework\src\Illuminate\Foundation\Http\Kernel.php(246): Illuminate\Routing\Router->dispatch(Object(Illuminate\Http\Request))
#22 [internal function]: Illuminate\Foundation\Http\Kernel->Illuminate\Foundation\Http\{closure}(Object(Illuminate\Http\Request))
#23 G:\Program Files (x86)\wamp\www\books\vendor\laravel\framework\src\Illuminate\Routing\Pipeline.php(52): call_user_func(Object(Closure), Object(Illuminate\Http\Request))
#24 G:\Program Files (x86)\wamp\www\books\vendor\laravel\framework\src\Illuminate\Foundation\Http\Middleware\CheckForMaintenanceMode.php(44): Illuminate\Routing\Pipeline->Illuminate\Routing\{closure}(Object(Illuminate\Http\Request))
#25 [internal function]: Illuminate\Foundation\Http\Middleware\CheckForMaintenanceMode->handle(Object(Illuminate\Http\Request), Object(Closure))
#26 G:\Program Files (x86)\wamp\www\books\vendor\laravel\framework\src\Illuminate\Pipeline\Pipeline.php(124): call_user_func_array(Array, Array)
#27 [internal function]: Illuminate\Pipeline\Pipeline->Illuminate\Pipeline\{closure}(Object(Illuminate\Http\Request))
#28 G:\Program Files (x86)\wamp\www\books\vendor\laravel\framework\src\Illuminate\Routing\Pipeline.php(32): call_user_func(Object(Closure), Object(Illuminate\Http\Request))
#29 [internal function]: Illuminate\Routing\Pipeline->Illuminate\Routing\{closure}(Object(Illuminate\Http\Request))
#30 G:\Program Files (x86)\wamp\www\books\vendor\laravel\framework\src\Illuminate\Pipeline\Pipeline.php(103): call_user_func(Object(Closure), Object(Illuminate\Http\Request))
#31 G:\Program Files (x86)\wamp\www\books\vendor\laravel\framework\src\Illuminate\Foundation\Http\Kernel.php(132): Illuminate\Pipeline\Pipeline->then(Object(Closure))
#32 G:\Program Files (x86)\wamp\www\books\vendor\laravel\framework\src\Illuminate\Foundation\Http\Kernel.php(99): Illuminate\Foundation\Http\Kernel->sendRequestThroughRouter(Object(Illuminate\Http\Request))
#33 G:\Program Files (x86)\wamp\www\books\index.php(54): Illuminate\Foundation\Http\Kernel->handle(Object(Illuminate\Http\Request))
#34 {main}  
[2016-02-17 20:52:21] local.ERROR: exception 'ErrorException' with message 'Trying to get property of non-object' in G:\d228652bbccd0689dd89eda1d371ce57f6787fef.php:3
Stack trace:
#0 G:\d228652bbccd0689dd89eda1d371ce57f6787fef.php(3): Illuminate\Foundation\Bootstrap\HandleExceptions->handleError(8, 'Trying to get p...', 'G:\\d228652bbccd...', 3, Array)
#1 G:\Program Files (x86)\wamp\www\books\vendor\laravel\framework\src\Illuminate\View\Engines\PhpEngine.php(42): include('G:\\d228652bbccd...')
#2 G:\Program Files (x86)\wamp\www\books\vendor\laravel\framework\src\Illuminate\View\Engines\CompilerEngine.php(59): Illuminate\View\Engines\PhpEngine->evaluatePath('/d228652bbccd06...', Array)
#3 G:\Program Files (x86)\wamp\www\books\vendor\laravel\framework\src\Illuminate\View\View.php(135): Illuminate\View\Engines\CompilerEngine->get('G:\\Program File...', Array)
#4 G:\Program Files (x86)\wamp\www\books\vendor\laravel\framework\src\Illuminate\View\View.php(106): Illuminate\View\View->getContents()
#5 G:\Program Files (x86)\wamp\www\books\vendor\laravel\framework\src\Illuminate\View\View.php(80): Illuminate\View\View->renderContents()
#6 G:\Program Files (x86)\wamp\www\books\vendor\laravel\framework\src\Illuminate\Http\Response.php(53): Illuminate\View\View->render()
#7 G:\Program Files (x86)\wamp\www\books\vendor\symfony\http-foundation\Response.php(197): Illuminate\Http\Response->setContent(Object(Illuminate\View\View))
#8 G:\Program Files (x86)\wamp\www\books\vendor\laravel\framework\src\Illuminate\Routing\Router.php(1030): Symfony\Component\HttpFoundation\Response->__construct(Object(Illuminate\View\View))
#9 G:\Program Files (x86)\wamp\www\books\vendor\laravel\framework\src\Illuminate\Routing\ControllerDispatcher.php(95): Illuminate\Routing\Router->prepareResponse(Object(Illuminate\Http\Request), Object(Illuminate\View\View))
#10 [internal function]: Illuminate\Routing\ControllerDispatcher->Illuminate\Routing\{closure}(Object(Illuminate\Http\Request))
#11 G:\Program Files (x86)\wamp\www\books\vendor\laravel\framework\src\Illuminate\Routing\Pipeline.php(52): call_user_func(Object(Closure), Object(Illuminate\Http\Request))
#12 [internal function]: Illuminate\Routing\Pipeline->Illuminate\Routing\{closure}(Object(Illuminate\Http\Request))
#13 G:\Program Files (x86)\wamp\www\books\vendor\laravel\framework\src\Illuminate\Pipeline\Pipeline.php(103): call_user_func(Object(Closure), Object(Illuminate\Http\Request))
#14 G:\Program Files (x86)\wamp\www\books\vendor\laravel\framework\src\Illuminate\Routing\ControllerDispatcher.php(96): Illuminate\Pipeline\Pipeline->then(Object(Closure))
#15 G:\Program Files (x86)\wamp\www\books\vendor\laravel\framework\src\Illuminate\Routing\ControllerDispatcher.php(54): Illuminate\Routing\ControllerDispatcher->callWithinStack(Object(App\Http\Controllers\AttributeController), Object(Illuminate\Routing\Route), Object(Illuminate\Http\Request), 'show_update')
#16 G:\Program Files (x86)\wamp\www\books\vendor\laravel\framework\src\Illuminate\Routing\Route.php(174): Illuminate\Routing\ControllerDispatcher->dispatch(Object(Illuminate\Routing\Route), Object(Illuminate\Http\Request), 'App\\Http\\Contro...', 'show_update')
#17 G:\Program Files (x86)\wamp\www\books\vendor\laravel\framework\src\Illuminate\Routing\Route.php(140): Illuminate\Routing\Route->runController(Object(Illuminate\Http\Request))
#18 G:\Program Files (x86)\wamp\www\books\vendor\laravel\framework\src\Illuminate\Routing\Router.php(703): Illuminate\Routing\Route->run(Object(Illuminate\Http\Request))
#19 [internal function]: Illuminate\Routing\Router->Illuminate\Routing\{closure}(Object(Illuminate\Http\Request))
#20 G:\Program Files (x86)\wamp\www\books\vendor\laravel\framework\src\Illuminate\Routing\Pipeline.php(52): call_user_func(Object(Closure), Object(Illuminate\Http\Request))
#21 [internal function]: Illuminate\Routing\Pipeline->Illuminate\Routing\{closure}(Object(Illuminate\Http\Request))
#22 G:\Program Files (x86)\wamp\www\books\vendor\laravel\framework\src\Illuminate\Pipeline\Pipeline.php(103): call_user_func(Object(Closure), Object(Illuminate\Http\Request))
#23 G:\Program Files (x86)\wamp\www\books\vendor\laravel\framework\src\Illuminate\Routing\Router.php(705): Illuminate\Pipeline\Pipeline->then(Object(Closure))
#24 G:\Program Files (x86)\wamp\www\books\vendor\laravel\framework\src\Illuminate\Routing\Router.php(678): Illuminate\Routing\Router->runRouteWithinStack(Object(Illuminate\Routing\Route), Object(Illuminate\Http\Request))
#25 G:\Program Files (x86)\wamp\www\books\vendor\laravel\framework\src\Illuminate\Routing\Router.php(654): Illuminate\Routing\Router->dispatchToRoute(Object(Illuminate\Http\Request))
#26 G:\Program Files (x86)\wamp\www\books\vendor\laravel\framework\src\Illuminate\Foundation\Http\Kernel.php(246): Illuminate\Routing\Router->dispatch(Object(Illuminate\Http\Request))
#27 [internal function]: Illuminate\Foundation\Http\Kernel->Illuminate\Foundation\Http\{closure}(Object(Illuminate\Http\Request))
#28 G:\Program Files (x86)\wamp\www\books\vendor\laravel\framework\src\Illuminate\Routing\Pipeline.php(52): call_user_func(Object(Closure), Object(Illuminate\Http\Request))
#29 G:\Program Files (x86)\wamp\www\books\vendor\laravel\framework\src\Illuminate\Foundation\Http\Middleware\CheckForMaintenanceMode.php(44): Illuminate\Routing\Pipeline->Illuminate\Routing\{closure}(Object(Illuminate\Http\Request))
#30 [internal function]: Illuminate\Foundation\Http\Middleware\CheckForMaintenanceMode->handle(Object(Illuminate\Http\Request), Object(Closure))
#31 G:\Program Files (x86)\wamp\www\books\vendor\laravel\framework\src\Illuminate\Pipeline\Pipeline.php(124): call_user_func_array(Array, Array)
#32 [internal function]: Illuminate\Pipeline\Pipeline->Illuminate\Pipeline\{closure}(Object(Illuminate\Http\Request))
#33 G:\Program Files (x86)\wamp\www\books\vendor\laravel\framework\src\Illuminate\Routing\Pipeline.php(32): call_user_func(Object(Closure), Object(Illuminate\Http\Request))
#34 [internal function]: Illuminate\Routing\Pipeline->Illuminate\Routing\{closure}(Object(Illuminate\Http\Request))
#35 G:\Program Files (x86)\wamp\www\books\vendor\laravel\framework\src\Illuminate\Pipeline\Pipeline.php(103): call_user_func(Object(Closure), Object(Illuminate\Http\Request))
#36 G:\Program Files (x86)\wamp\www\books\vendor\laravel\framework\src\Illuminate\Foundation\Http\Kernel.php(132): Illuminate\Pipeline\Pipeline->then(Object(Closure))
#37 G:\Program Files (x86)\wamp\www\books\vendor\laravel\framework\src\Illuminate\Foundation\Http\Kernel.php(99): Illuminate\Foundation\Http\Kernel->sendRequestThroughRouter(Object(Illuminate\Http\Request))
#38 G:\Program Files (x86)\wamp\www\books\index.php(54): Illuminate\Foundation\Http\Kernel->handle(Object(Illuminate\Http\Request))
#39 {main}

Next exception 'ErrorException' with message 'Trying to get property of non-object (View: G:\Program Files (x86)\wamp\www\books\resources\views\updateattr.blade.php)' in G:\d228652bbccd0689dd89eda1d371ce57f6787fef.php:3
Stack trace:
#0 G:\Program Files (x86)\wamp\www\books\vendor\laravel\framework\src\Illuminate\View\Engines\PhpEngine.php(44): Illuminate\View\Engines\CompilerEngine->handleViewException(Object(ErrorException), 1)
#1 G:\Program Files (x86)\wamp\www\books\vendor\laravel\framework\src\Illuminate\View\Engines\CompilerEngine.php(59): Illuminate\View\Engines\PhpEngine->evaluatePath('/d228652bbccd06...', Array)
#2 G:\Program Files (x86)\wamp\www\books\vendor\laravel\framework\src\Illuminate\View\View.php(135): Illuminate\View\Engines\CompilerEngine->get('G:\\Program File...', Array)
#3 G:\Program Files (x86)\wamp\www\books\vendor\laravel\framework\src\Illuminate\View\View.php(106): Illuminate\View\View->getContents()
#4 G:\Program Files (x86)\wamp\www\books\vendor\laravel\framework\src\Illuminate\View\View.php(80): Illuminate\View\View->renderContents()
#5 G:\Program Files (x86)\wamp\www\books\vendor\laravel\framework\src\Illuminate\Http\Response.php(53): Illuminate\View\View->render()
#6 G:\Program Files (x86)\wamp\www\books\vendor\symfony\http-foundation\Response.php(197): Illuminate\Http\Response->setContent(Object(Illuminate\View\View))
#7 G:\Program Files (x86)\wamp\www\books\vendor\laravel\framework\src\Illuminate\Routing\Router.php(1030): Symfony\Component\HttpFoundation\Response->__construct(Object(Illuminate\View\View))
#8 G:\Program Files (x86)\wamp\www\books\vendor\laravel\framework\src\Illuminate\Routing\ControllerDispatcher.php(95): Illuminate\Routing\Router->prepareResponse(Object(Illuminate\Http\Request), Object(Illuminate\View\View))
#9 [internal function]: Illuminate\Routing\ControllerDispatcher->Illuminate\Routing\{closure}(Object(Illuminate\Http\Request))
#10 G:\Program Files (x86)\wamp\www\books\vendor\laravel\framework\src\Illuminate\Routing\Pipeline.php(52): call_user_func(Object(Closure), Object(Illuminate\Http\Request))
#11 [internal function]: Illuminate\Routing\Pipeline->Illuminate\Routing\{closure}(Object(Illuminate\Http\Request))
#12 G:\Program Files (x86)\wamp\www\books\vendor\laravel\framework\src\Illuminate\Pipeline\Pipeline.php(103): call_user_func(Object(Closure), Object(Illuminate\Http\Request))
#13 G:\Program Files (x86)\wamp\www\books\vendor\laravel\framework\src\Illuminate\Routing\ControllerDispatcher.php(96): Illuminate\Pipeline\Pipeline->then(Object(Closure))
#14 G:\Program Files (x86)\wamp\www\books\vendor\laravel\framework\src\Illuminate\Routing\ControllerDispatcher.php(54): Illuminate\Routing\ControllerDispatcher->callWithinStack(Object(App\Http\Controllers\AttributeController), Object(Illuminate\Routing\Route), Object(Illuminate\Http\Request), 'show_update')
#15 G:\Program Files (x86)\wamp\www\books\vendor\laravel\framework\src\Illuminate\Routing\Route.php(174): Illuminate\Routing\ControllerDispatcher->dispatch(Object(Illuminate\Routing\Route), Object(Illuminate\Http\Request), 'App\\Http\\Contro...', 'show_update')
#16 G:\Program Files (x86)\wamp\www\books\vendor\laravel\framework\src\Illuminate\Routing\Route.php(140): Illuminate\Routing\Route->runController(Object(Illuminate\Http\Request))
#17 G:\Program Files (x86)\wamp\www\books\vendor\laravel\framework\src\Illuminate\Routing\Router.php(703): Illuminate\Routing\Route->run(Object(Illuminate\Http\Request))
#18 [internal function]: Illuminate\Routing\Router->Illuminate\Routing\{closure}(Object(Illuminate\Http\Request))
#19 G:\Program Files (x86)\wamp\www\books\vendor\laravel\framework\src\Illuminate\Routing\Pipeline.php(52): call_user_func(Object(Closure), Object(Illuminate\Http\Request))
#20 [internal function]: Illuminate\Routing\Pipeline->Illuminate\Routing\{closure}(Object(Illuminate\Http\Request))
#21 G:\Program Files (x86)\wamp\www\books\vendor\laravel\framework\src\Illuminate\Pipeline\Pipeline.php(103): call_user_func(Object(Closure), Object(Illuminate\Http\Request))
#22 G:\Program Files (x86)\wamp\www\books\vendor\laravel\framework\src\Illuminate\Routing\Router.php(705): Illuminate\Pipeline\Pipeline->then(Object(Closure))
#23 G:\Program Files (x86)\wamp\www\books\vendor\laravel\framework\src\Illuminate\Routing\Router.php(678): Illuminate\Routing\Router->runRouteWithinStack(Object(Illuminate\Routing\Route), Object(Illuminate\Http\Request))
#24 G:\Program Files (x86)\wamp\www\books\vendor\laravel\framework\src\Illuminate\Routing\Router.php(654): Illuminate\Routing\Router->dispatchToRoute(Object(Illuminate\Http\Request))
#25 G:\Program Files (x86)\wamp\www\books\vendor\laravel\framework\src\Illuminate\Foundation\Http\Kernel.php(246): Illuminate\Routing\Router->dispatch(Object(Illuminate\Http\Request))
#26 [internal function]: Illuminate\Foundation\Http\Kernel->Illuminate\Foundation\Http\{closure}(Object(Illuminate\Http\Request))
#27 G:\Program Files (x86)\wamp\www\books\vendor\laravel\framework\src\Illuminate\Routing\Pipeline.php(52): call_user_func(Object(Closure), Object(Illuminate\Http\Request))
#28 G:\Program Files (x86)\wamp\www\books\vendor\laravel\framework\src\Illuminate\Foundation\Http\Middleware\CheckForMaintenanceMode.php(44): Illuminate\Routing\Pipeline->Illuminate\Routing\{closure}(Object(Illuminate\Http\Request))
#29 [internal function]: Illuminate\Foundation\Http\Middleware\CheckForMaintenanceMode->handle(Object(Illuminate\Http\Request), Object(Closure))
#30 G:\Program Files (x86)\wamp\www\books\vendor\laravel\framework\src\Illuminate\Pipeline\Pipeline.php(124): call_user_func_array(Array, Array)
#31 [internal function]: Illuminate\Pipeline\Pipeline->Illuminate\Pipeline\{closure}(Object(Illuminate\Http\Request))
#32 G:\Program Files (x86)\wamp\www\books\vendor\laravel\framework\src\Illuminate\Routing\Pipeline.php(32): call_user_func(Object(Closure), Object(Illuminate\Http\Request))
#33 [internal function]: Illuminate\Routing\Pipeline->Illuminate\Routing\{closure}(Object(Illuminate\Http\Request))
#34 G:\Program Files (x86)\wamp\www\books\vendor\laravel\framework\src\Illuminate\Pipeline\Pipeline.php(103): call_user_func(Object(Closure), Object(Illuminate\Http\Request))
#35 G:\Program Files (x86)\wamp\www\books\vendor\laravel\framework\src\Illuminate\Foundation\Http\Kernel.php(132): Illuminate\Pipeline\Pipeline->then(Object(Closure))
#36 G:\Program Files (x86)\wamp\www\books\vendor\laravel\framework\src\Illuminate\Foundation\Http\Kernel.php(99): Illuminate\Foundation\Http\Kernel->sendRequestThroughRouter(Object(Illuminate\Http\Request))
#37 G:\Program Files (x86)\wamp\www\books\index.php(54): Illuminate\Foundation\Http\Kernel->handle(Object(Illuminate\Http\Request))
#38 {main}  
[2016-02-17 21:10:15] local.ERROR: exception 'Symfony\Component\Debug\Exception\FatalErrorException' with message 'syntax error, unexpected ','' in G:\20957e70159abf3b42643b1a9f1f464d8f0967bc.php:21
Stack trace:
#0 G:\Program Files (x86)\wamp\www\books\vendor\laravel\framework\src\Illuminate\Foundation\Bootstrap\HandleExceptions.php(133): Symfony\Component\Debug\Exception\FatalErrorException->__construct()
#1 G:\Program Files (x86)\wamp\www\books\vendor\laravel\framework\src\Illuminate\Foundation\Bootstrap\HandleExceptions.php(118): Illuminate\Foundation\Bootstrap\HandleExceptions->fatalExceptionFromError()
#2 G:\Program Files (x86)\wamp\www\books\vendor\laravel\framework\src\Illuminate\Foundation\Bootstrap\HandleExceptions.php(0): Illuminate\Foundation\Bootstrap\HandleExceptions->handleShutdown()
#3 G:\Program Files (x86)\wamp\www\books\vendor\laravel\framework\src\Illuminate\View\Engines\CompilerEngine.php(59): Illuminate\View\Engines\PhpEngine->evaluatePath()
#4 G:\Program Files (x86)\wamp\www\books\vendor\laravel\framework\src\Illuminate\View\View.php(135): Illuminate\View\Engines\CompilerEngine->get()
#5 G:\Program Files (x86)\wamp\www\books\vendor\laravel\framework\src\Illuminate\View\View.php(106): Illuminate\View\View->getContents()
#6 G:\Program Files (x86)\wamp\www\books\vendor\laravel\framework\src\Illuminate\View\View.php(80): Illuminate\View\View->renderContents()
#7 G:\Program Files (x86)\wamp\www\books\vendor\laravel\framework\src\Illuminate\Http\Response.php(53): Illuminate\View\View->render()
#8 G:\Program Files (x86)\wamp\www\books\vendor\symfony\http-foundation\Response.php(197): Illuminate\Http\Response->setContent()
#9 G:\Program Files (x86)\wamp\www\books\vendor\laravel\framework\src\Illuminate\Routing\Router.php(1030): Symfony\Component\HttpFoundation\Response->__construct()
#10 G:\Program Files (x86)\wamp\www\books\vendor\laravel\framework\src\Illuminate\Routing\ControllerDispatcher.php(95): Illuminate\Routing\Router->prepareResponse()
#11 G:\Program Files (x86)\wamp\www\books\vendor\laravel\framework\src\Illuminate\Routing\Pipeline.php(52): Illuminate\Routing\ControllerDispatcher->Illuminate\Routing\{closure}()
#12 G:\Program Files (x86)\wamp\www\books\vendor\laravel\framework\src\Illuminate\Routing\Pipeline.php(52): call_user_func:{G:\Program Files (x86)\wamp\www\books\vendor\laravel\framework\src\Illuminate\Routing\Pipeline.php:52}()
#13 G:\Program Files (x86)\wamp\www\books\app\Http\Middleware\RedirectIfAuthenticated.php(24): Illuminate\Routing\Pipeline->Illuminate\Routing\{closure}()
#14 G:\Program Files (x86)\wamp\www\books\vendor\laravel\framework\src\Illuminate\Pipeline\Pipeline.php(124): App\Http\Middleware\RedirectIfAuthenticated->handle()
#15 G:\Program Files (x86)\wamp\www\books\vendor\laravel\framework\src\Illuminate\Pipeline\Pipeline.php(124): call_user_func_array:{G:\Program Files (x86)\wamp\www\books\vendor\laravel\framework\src\Illuminate\Pipeline\Pipeline.php:124}()
#16 G:\Program Files (x86)\wamp\www\books\vendor\laravel\framework\src\Illuminate\Routing\Pipeline.php(32): Illuminate\Pipeline\Pipeline->Illuminate\Pipeline\{closure}()
#17 G:\Program Files (x86)\wamp\www\books\vendor\laravel\framework\src\Illuminate\Routing\Pipeline.php(32): call_user_func:{G:\Program Files (x86)\wamp\www\books\vendor\laravel\framework\src\Illuminate\Routing\Pipeline.php:32}()
#18 G:\Program Files (x86)\wamp\www\books\vendor\laravel\framework\src\Illuminate\Pipeline\Pipeline.php(103): Illuminate\Routing\Pipeline->Illuminate\Routing\{closure}()
#19 G:\Program Files (x86)\wamp\www\books\vendor\laravel\framework\src\Illuminate\Pipeline\Pipeline.php(103): call_user_func:{G:\Program Files (x86)\wamp\www\books\vendor\laravel\framework\src\Illuminate\Pipeline\Pipeline.php:103}()
#20 G:\Program Files (x86)\wamp\www\books\vendor\laravel\framework\src\Illuminate\Routing\ControllerDispatcher.php(96): Illuminate\Pipeline\Pipeline->then()
#21 G:\Program Files (x86)\wamp\www\books\vendor\laravel\framework\src\Illuminate\Routing\ControllerDispatcher.php(54): Illuminate\Routing\ControllerDispatcher->callWithinStack()
#22 G:\Program Files (x86)\wamp\www\books\vendor\laravel\framework\src\Illuminate\Routing\Route.php(174): Illuminate\Routing\ControllerDispatcher->dispatch()
#23 G:\Program Files (x86)\wamp\www\books\vendor\laravel\framework\src\Illuminate\Routing\Route.php(140): Illuminate\Routing\Route->runController()
#24 G:\Program Files (x86)\wamp\www\books\vendor\laravel\framework\src\Illuminate\Routing\Router.php(703): Illuminate\Routing\Route->run()
#25 G:\Program Files (x86)\wamp\www\books\vendor\laravel\framework\src\Illuminate\Routing\Pipeline.php(52): Illuminate\Routing\Router->Illuminate\Routing\{closure}()
#26 G:\Program Files (x86)\wamp\www\books\vendor\laravel\framework\src\Illuminate\Routing\Pipeline.php(52): call_user_func:{G:\Program Files (x86)\wamp\www\books\vendor\laravel\framework\src\Illuminate\Routing\Pipeline.php:52}()
#27 G:\Program Files (x86)\wamp\www\books\vendor\laravel\framework\src\Illuminate\Pipeline\Pipeline.php(103): Illuminate\Routing\Pipeline->Illuminate\Routing\{closure}()
#28 G:\Program Files (x86)\wamp\www\books\vendor\laravel\framework\src\Illuminate\Pipeline\Pipeline.php(103): call_user_func:{G:\Program Files (x86)\wamp\www\books\vendor\laravel\framework\src\Illuminate\Pipeline\Pipeline.php:103}()
#29 G:\Program Files (x86)\wamp\www\books\vendor\laravel\framework\src\Illuminate\Routing\Router.php(705): Illuminate\Pipeline\Pipeline->then()
#30 G:\Program Files (x86)\wamp\www\books\vendor\laravel\framework\src\Illuminate\Routing\Router.php(678): Illuminate\Routing\Router->runRouteWithinStack()
#31 G:\Program Files (x86)\wamp\www\books\vendor\laravel\framework\src\Illuminate\Routing\Router.php(654): Illuminate\Routing\Router->dispatchToRoute()
#32 G:\Program Files (x86)\wamp\www\books\vendor\laravel\framework\src\Illuminate\Foundation\Http\Kernel.php(246): Illuminate\Routing\Router->dispatch()
#33 G:\Program Files (x86)\wamp\www\books\vendor\laravel\framework\src\Illuminate\Routing\Pipeline.php(52): Illuminate\Foundation\Http\Kernel->Illuminate\Foundation\Http\{closure}()
#34 G:\Program Files (x86)\wamp\www\books\vendor\laravel\framework\src\Illuminate\Routing\Pipeline.php(52): call_user_func:{G:\Program Files (x86)\wamp\www\books\vendor\laravel\framework\src\Illuminate\Routing\Pipeline.php:52}()
#35 G:\Program Files (x86)\wamp\www\books\vendor\laravel\framework\src\Illuminate\Foundation\Http\Middleware\CheckForMaintenanceMode.php(44): Illuminate\Routing\Pipeline->Illuminate\Routing\{closure}()
#36 G:\Program Files (x86)\wamp\www\books\vendor\laravel\framework\src\Illuminate\Pipeline\Pipeline.php(124): Illuminate\Foundation\Http\Middleware\CheckForMaintenanceMode->handle()
#37 G:\Program Files (x86)\wamp\www\books\vendor\laravel\framework\src\Illuminate\Pipeline\Pipeline.php(124): call_user_func_array:{G:\Program Files (x86)\wamp\www\books\vendor\laravel\framework\src\Illuminate\Pipeline\Pipeline.php:124}()
#38 G:\Program Files (x86)\wamp\www\books\vendor\laravel\framework\src\Illuminate\Routing\Pipeline.php(32): Illuminate\Pipeline\Pipeline->Illuminate\Pipeline\{closure}()
#39 G:\Program Files (x86)\wamp\www\books\vendor\laravel\framework\src\Illuminate\Routing\Pipeline.php(32): call_user_func:{G:\Program Files (x86)\wamp\www\books\vendor\laravel\framework\src\Illuminate\Routing\Pipeline.php:32}()
#40 G:\Program Files (x86)\wamp\www\books\vendor\laravel\framework\src\Illuminate\Pipeline\Pipeline.php(103): Illuminate\Routing\Pipeline->Illuminate\Routing\{closure}()
#41 G:\Program Files (x86)\wamp\www\books\vendor\laravel\framework\src\Illuminate\Pipeline\Pipeline.php(103): call_user_func:{G:\Program Files (x86)\wamp\www\books\vendor\laravel\framework\src\Illuminate\Pipeline\Pipeline.php:103}()
#42 G:\Program Files (x86)\wamp\www\books\vendor\laravel\framework\src\Illuminate\Foundation\Http\Kernel.php(132): Illuminate\Pipeline\Pipeline->then()
#43 G:\Program Files (x86)\wamp\www\books\vendor\laravel\framework\src\Illuminate\Foundation\Http\Kernel.php(99): Illuminate\Foundation\Http\Kernel->sendRequestThroughRouter()
#44 G:\Program Files (x86)\wamp\www\books\index.php(54): Illuminate\Foundation\Http\Kernel->handle()
#45 G:\Program Files (x86)\wamp\www\books\index.php(0): {main}()
#46 {main}  
[2016-02-17 21:13:17] local.ERROR: exception 'Symfony\Component\Debug\Exception\FatalErrorException' with message 'syntax error, unexpected ','' in G:\20957e70159abf3b42643b1a9f1f464d8f0967bc.php:21
Stack trace:
#0 G:\Program Files (x86)\wamp\www\books\vendor\laravel\framework\src\Illuminate\Foundation\Bootstrap\HandleExceptions.php(133): Symfony\Component\Debug\Exception\FatalErrorException->__construct()
#1 G:\Program Files (x86)\wamp\www\books\vendor\laravel\framework\src\Illuminate\Foundation\Bootstrap\HandleExceptions.php(118): Illuminate\Foundation\Bootstrap\HandleExceptions->fatalExceptionFromError()
#2 G:\Program Files (x86)\wamp\www\books\vendor\laravel\framework\src\Illuminate\Foundation\Bootstrap\HandleExceptions.php(0): Illuminate\Foundation\Bootstrap\HandleExceptions->handleShutdown()
#3 G:\Program Files (x86)\wamp\www\books\vendor\laravel\framework\src\Illuminate\View\Engines\CompilerEngine.php(59): Illuminate\View\Engines\PhpEngine->evaluatePath()
#4 G:\Program Files (x86)\wamp\www\books\vendor\laravel\framework\src\Illuminate\View\View.php(135): Illuminate\View\Engines\CompilerEngine->get()
#5 G:\Program Files (x86)\wamp\www\books\vendor\laravel\framework\src\Illuminate\View\View.php(106): Illuminate\View\View->getContents()
#6 G:\Program Files (x86)\wamp\www\books\vendor\laravel\framework\src\Illuminate\View\View.php(80): Illuminate\View\View->renderContents()
#7 G:\Program Files (x86)\wamp\www\books\vendor\laravel\framework\src\Illuminate\Http\Response.php(53): Illuminate\View\View->render()
#8 G:\Program Files (x86)\wamp\www\books\vendor\symfony\http-foundation\Response.php(197): Illuminate\Http\Response->setContent()
#9 G:\Program Files (x86)\wamp\www\books\vendor\laravel\framework\src\Illuminate\Routing\Router.php(1030): Symfony\Component\HttpFoundation\Response->__construct()
#10 G:\Program Files (x86)\wamp\www\books\vendor\laravel\framework\src\Illuminate\Routing\ControllerDispatcher.php(95): Illuminate\Routing\Router->prepareResponse()
#11 G:\Program Files (x86)\wamp\www\books\vendor\laravel\framework\src\Illuminate\Routing\Pipeline.php(52): Illuminate\Routing\ControllerDispatcher->Illuminate\Routing\{closure}()
#12 G:\Program Files (x86)\wamp\www\books\vendor\laravel\framework\src\Illuminate\Routing\Pipeline.php(52): call_user_func:{G:\Program Files (x86)\wamp\www\books\vendor\laravel\framework\src\Illuminate\Routing\Pipeline.php:52}()
#13 G:\Program Files (x86)\wamp\www\books\app\Http\Middleware\RedirectIfAuthenticated.php(24): Illuminate\Routing\Pipeline->Illuminate\Routing\{closure}()
#14 G:\Program Files (x86)\wamp\www\books\vendor\laravel\framework\src\Illuminate\Pipeline\Pipeline.php(124): App\Http\Middleware\RedirectIfAuthenticated->handle()
#15 G:\Program Files (x86)\wamp\www\books\vendor\laravel\framework\src\Illuminate\Pipeline\Pipeline.php(124): call_user_func_array:{G:\Program Files (x86)\wamp\www\books\vendor\laravel\framework\src\Illuminate\Pipeline\Pipeline.php:124}()
#16 G:\Program Files (x86)\wamp\www\books\vendor\laravel\framework\src\Illuminate\Routing\Pipeline.php(32): Illuminate\Pipeline\Pipeline->Illuminate\Pipeline\{closure}()
#17 G:\Program Files (x86)\wamp\www\books\vendor\laravel\framework\src\Illuminate\Routing\Pipeline.php(32): call_user_func:{G:\Program Files (x86)\wamp\www\books\vendor\laravel\framework\src\Illuminate\Routing\Pipeline.php:32}()
#18 G:\Program Files (x86)\wamp\www\books\vendor\laravel\framework\src\Illuminate\Pipeline\Pipeline.php(103): Illuminate\Routing\Pipeline->Illuminate\Routing\{closure}()
#19 G:\Program Files (x86)\wamp\www\books\vendor\laravel\framework\src\Illuminate\Pipeline\Pipeline.php(103): call_user_func:{G:\Program Files (x86)\wamp\www\books\vendor\laravel\framework\src\Illuminate\Pipeline\Pipeline.php:103}()
#20 G:\Program Files (x86)\wamp\www\books\vendor\laravel\framework\src\Illuminate\Routing\ControllerDispatcher.php(96): Illuminate\Pipeline\Pipeline->then()
#21 G:\Program Files (x86)\wamp\www\books\vendor\laravel\framework\src\Illuminate\Routing\ControllerDispatcher.php(54): Illuminate\Routing\ControllerDispatcher->callWithinStack()
#22 G:\Program Files (x86)\wamp\www\books\vendor\laravel\framework\src\Illuminate\Routing\Route.php(174): Illuminate\Routing\ControllerDispatcher->dispatch()
#23 G:\Program Files (x86)\wamp\www\books\vendor\laravel\framework\src\Illuminate\Routing\Route.php(140): Illuminate\Routing\Route->runController()
#24 G:\Program Files (x86)\wamp\www\books\vendor\laravel\framework\src\Illuminate\Routing\Router.php(703): Illuminate\Routing\Route->run()
#25 G:\Program Files (x86)\wamp\www\books\vendor\laravel\framework\src\Illuminate\Routing\Pipeline.php(52): Illuminate\Routing\Router->Illuminate\Routing\{closure}()
#26 G:\Program Files (x86)\wamp\www\books\vendor\laravel\framework\src\Illuminate\Routing\Pipeline.php(52): call_user_func:{G:\Program Files (x86)\wamp\www\books\vendor\laravel\framework\src\Illuminate\Routing\Pipeline.php:52}()
#27 G:\Program Files (x86)\wamp\www\books\vendor\laravel\framework\src\Illuminate\Pipeline\Pipeline.php(103): Illuminate\Routing\Pipeline->Illuminate\Routing\{closure}()
#28 G:\Program Files (x86)\wamp\www\books\vendor\laravel\framework\src\Illuminate\Pipeline\Pipeline.php(103): call_user_func:{G:\Program Files (x86)\wamp\www\books\vendor\laravel\framework\src\Illuminate\Pipeline\Pipeline.php:103}()
#29 G:\Program Files (x86)\wamp\www\books\vendor\laravel\framework\src\Illuminate\Routing\Router.php(705): Illuminate\Pipeline\Pipeline->then()
#30 G:\Program Files (x86)\wamp\www\books\vendor\laravel\framework\src\Illuminate\Routing\Router.php(678): Illuminate\Routing\Router->runRouteWithinStack()
#31 G:\Program Files (x86)\wamp\www\books\vendor\laravel\framework\src\Illuminate\Routing\Router.php(654): Illuminate\Routing\Router->dispatchToRoute()
#32 G:\Program Files (x86)\wamp\www\books\vendor\laravel\framework\src\Illuminate\Foundation\Http\Kernel.php(246): Illuminate\Routing\Router->dispatch()
#33 G:\Program Files (x86)\wamp\www\books\vendor\laravel\framework\src\Illuminate\Routing\Pipeline.php(52): Illuminate\Foundation\Http\Kernel->Illuminate\Foundation\Http\{closure}()
#34 G:\Program Files (x86)\wamp\www\books\vendor\laravel\framework\src\Illuminate\Routing\Pipeline.php(52): call_user_func:{G:\Program Files (x86)\wamp\www\books\vendor\laravel\framework\src\Illuminate\Routing\Pipeline.php:52}()
#35 G:\Program Files (x86)\wamp\www\books\vendor\laravel\framework\src\Illuminate\Foundation\Http\Middleware\CheckForMaintenanceMode.php(44): Illuminate\Routing\Pipeline->Illuminate\Routing\{closure}()
#36 G:\Program Files (x86)\wamp\www\books\vendor\laravel\framework\src\Illuminate\Pipeline\Pipeline.php(124): Illuminate\Foundation\Http\Middleware\CheckForMaintenanceMode->handle()
#37 G:\Program Files (x86)\wamp\www\books\vendor\laravel\framework\src\Illuminate\Pipeline\Pipeline.php(124): call_user_func_array:{G:\Program Files (x86)\wamp\www\books\vendor\laravel\framework\src\Illuminate\Pipeline\Pipeline.php:124}()
#38 G:\Program Files (x86)\wamp\www\books\vendor\laravel\framework\src\Illuminate\Routing\Pipeline.php(32): Illuminate\Pipeline\Pipeline->Illuminate\Pipeline\{closure}()
#39 G:\Program Files (x86)\wamp\www\books\vendor\laravel\framework\src\Illuminate\Routing\Pipeline.php(32): call_user_func:{G:\Program Files (x86)\wamp\www\books\vendor\laravel\framework\src\Illuminate\Routing\Pipeline.php:32}()
#40 G:\Program Files (x86)\wamp\www\books\vendor\laravel\framework\src\Illuminate\Pipeline\Pipeline.php(103): Illuminate\Routing\Pipeline->Illuminate\Routing\{closure}()
#41 G:\Program Files (x86)\wamp\www\books\vendor\laravel\framework\src\Illuminate\Pipeline\Pipeline.php(103): call_user_func:{G:\Program Files (x86)\wamp\www\books\vendor\laravel\framework\src\Illuminate\Pipeline\Pipeline.php:103}()
#42 G:\Program Files (x86)\wamp\www\books\vendor\laravel\framework\src\Illuminate\Foundation\Http\Kernel.php(132): Illuminate\Pipeline\Pipeline->then()
#43 G:\Program Files (x86)\wamp\www\books\vendor\laravel\framework\src\Illuminate\Foundation\Http\Kernel.php(99): Illuminate\Foundation\Http\Kernel->sendRequestThroughRouter()
#44 G:\Program Files (x86)\wamp\www\books\index.php(54): Illuminate\Foundation\Http\Kernel->handle()
#45 G:\Program Files (x86)\wamp\www\books\index.php(0): {main}()
#46 {main}  
